0 info it worked if it ends with ok
1 verbose cli [ '/usr/bin/node', '/usr/bin/npm', 'install', '@types/pngjs' ]
2 info using npm@3.5.2
3 info using node@v8.10.0
4 silly loadCurrentTree Starting
5 silly install loadCurrentTree
6 silly install readLocalPackageData
7 silly fetchPackageMetaData @types/pngjs
8 silly fetchNamedPackageData @types/pngjs
9 silly mapToRegistry name @types/pngjs
10 silly mapToRegistry scope (from package name) @types
11 verbose mapToRegistry no registry URL found in name for scope @types
12 silly mapToRegistry using default registry
13 silly mapToRegistry registry https://registry.npmjs.org/
14 silly mapToRegistry uri https://registry.npmjs.org/@types%2fpngjs
15 verbose request uri https://registry.npmjs.org/@types%2fpngjs
16 verbose request no auth needed
17 info attempt registry request try #1 at 4:13:55 PM
18 verbose request id 35a2c6aab78a7b49
19 http request GET https://registry.npmjs.org/@types%2fpngjs
20 http 200 https://registry.npmjs.org/@types%2fpngjs
21 verbose headers { date: 'Thu, 14 May 2020 15:13:54 GMT',
21 verbose headers   'content-type': 'application/json',
21 verbose headers   'transfer-encoding': 'chunked',
21 verbose headers   connection: 'keep-alive',
21 verbose headers   'set-cookie':
21 verbose headers    [ '__cfduid=d21544219218a399e7fb1ee695922f8b21589469234; expires=Sat, 13-Jun-20 15:13:54 GMT; path=/; domain=.npmjs.org; HttpOnly; SameSite=Lax' ],
21 verbose headers   'cf-ray': '593590dbeb2e0686-LHR',
21 verbose headers   age: '7022',
21 verbose headers   'cache-control': 'public, max-age=300',
21 verbose headers   etag: 'W/"3be3d4fb42561b0a5b47df9ac4e9b81d"',
21 verbose headers   'last-modified': 'Wed, 29 Apr 2020 22:57:42 GMT',
21 verbose headers   vary: 'accept-encoding, accept',
21 verbose headers   'cf-cache-status': 'HIT',
21 verbose headers   'expect-ct': 'max-age=604800, report-uri="https://report-uri.cloudflare.com/cdn-cgi/beacon/expect-ct"',
21 verbose headers   server: 'cloudflare',
21 verbose headers   'content-encoding': 'gzip',
21 verbose headers   'cf-request-id': '02b558dd7500000686efbff200000001' }
22 silly get cb [ 200,
22 silly get   { date: 'Thu, 14 May 2020 15:13:54 GMT',
22 silly get     'content-type': 'application/json',
22 silly get     'transfer-encoding': 'chunked',
22 silly get     connection: 'keep-alive',
22 silly get     'set-cookie':
22 silly get      [ '__cfduid=d21544219218a399e7fb1ee695922f8b21589469234; expires=Sat, 13-Jun-20 15:13:54 GMT; path=/; domain=.npmjs.org; HttpOnly; SameSite=Lax' ],
22 silly get     'cf-ray': '593590dbeb2e0686-LHR',
22 silly get     age: '7022',
22 silly get     'cache-control': 'public, max-age=300',
22 silly get     etag: 'W/"3be3d4fb42561b0a5b47df9ac4e9b81d"',
22 silly get     'last-modified': 'Wed, 29 Apr 2020 22:57:42 GMT',
22 silly get     vary: 'accept-encoding, accept',
22 silly get     'cf-cache-status': 'HIT',
22 silly get     'expect-ct': 'max-age=604800, report-uri="https://report-uri.cloudflare.com/cdn-cgi/beacon/expect-ct"',
22 silly get     server: 'cloudflare',
22 silly get     'content-encoding': 'gzip',
22 silly get     'cf-request-id': '02b558dd7500000686efbff200000001' } ]
23 verbose get saving @types/pngjs to /home/donutttt/.npm/registry.npmjs.org/_40types_252fpngjs/.cache.json
24 silly install normalizeTree
25 silly loadCurrentTree Finishing
26 silly loadIdealTree Starting
27 silly install loadIdealTree
28 silly cloneCurrentTree Starting
29 silly install cloneCurrentTreeToIdealTree
30 silly cloneCurrentTree Finishing
31 silly loadShrinkwrap Starting
32 silly install loadShrinkwrap
33 silly loadShrinkwrap Finishing
34 silly loadAllDepsIntoIdealTree Starting
35 silly install loadAllDepsIntoIdealTree
36 silly resolveWithNewModule @types/pngjs@3.4.2 checking installable status
37 silly cache add args [ '@types/pngjs', null ]
38 verbose cache add spec @types/pngjs
39 silly cache add parsed spec Result {
39 silly cache add   raw: '@types/pngjs',
39 silly cache add   scope: '@types',
39 silly cache add   name: '@types/pngjs',
39 silly cache add   rawSpec: '',
39 silly cache add   spec: 'latest',
39 silly cache add   type: 'tag' }
40 silly addNamed @types/pngjs@latest
41 verbose addNamed "latest" is being treated as a dist-tag for @types/pngjs
42 info addNameTag [ '@types/pngjs', 'latest' ]
43 silly mapToRegistry name @types/pngjs
44 silly mapToRegistry scope (from package name) @types
45 verbose mapToRegistry no registry URL found in name for scope @types
46 silly mapToRegistry using default registry
47 silly mapToRegistry registry https://registry.npmjs.org/
48 silly mapToRegistry uri https://registry.npmjs.org/@types%2fpngjs
49 verbose addNameTag registry:https://registry.npmjs.org/@types%2fpngjs not in flight; fetching
50 verbose get https://registry.npmjs.org/@types%2fpngjs not expired, no request
51 silly addNameTag next cb for @types/pngjs with tag latest
52 silly addNamed @types/pngjs@3.4.2
53 verbose addNamed "3.4.2" is a plain semver version for @types/pngjs
54 silly mapToRegistry name @types/pngjs
55 silly mapToRegistry scope (from package name) @types
56 verbose mapToRegistry no registry URL found in name for scope @types
57 silly mapToRegistry using default registry
58 silly mapToRegistry registry https://registry.npmjs.org/
59 silly mapToRegistry uri https://registry.npmjs.org/@types%2fpngjs
60 verbose addRemoteTarball https://registry.npmjs.org/@types/pngjs/-/pngjs-3.4.2.tgz not in flight; adding
61 verbose addRemoteTarball [ 'https://registry.npmjs.org/@types/pngjs/-/pngjs-3.4.2.tgz',
61 verbose addRemoteTarball   '8dc49b45fbcf18a5873179e3664f049388e39ecf' ]
62 info retry fetch attempt 1 at 4:13:56 PM
63 info attempt registry request try #1 at 4:13:56 PM
64 http fetch GET https://registry.npmjs.org/@types/pngjs/-/pngjs-3.4.2.tgz
65 http fetch 200 https://registry.npmjs.org/@types/pngjs/-/pngjs-3.4.2.tgz
66 silly fetchAndShaCheck shasum 8dc49b45fbcf18a5873179e3664f049388e39ecf
67 verbose addTmpTarball /tmp/npm-7998-7cb3541a/registry.npmjs.org/_40types/pngjs/-/pngjs-3.4.2.tgz not in flight; adding
68 verbose addTmpTarball already have metadata; skipping unpack for @types/pngjs@3.4.2
69 silly cache afterAdd @types/pngjs@3.4.2
70 verbose afterAdd /home/donutttt/.npm/@types/pngjs/3.4.2/package/package.json not in flight; writing
71 verbose afterAdd /home/donutttt/.npm/@types/pngjs/3.4.2/package/package.json written
72 silly fetchNamedPackageData fsevents
73 silly mapToRegistry name fsevents
74 silly mapToRegistry using default registry
75 silly mapToRegistry registry https://registry.npmjs.org/
76 silly mapToRegistry uri https://registry.npmjs.org/fsevents
77 verbose request uri https://registry.npmjs.org/fsevents
78 verbose request no auth needed
79 info attempt registry request try #1 at 4:13:56 PM
80 verbose etag W/"9ff14987b4ec19e977697a4c1d741a18"
81 verbose lastModified Wed, 06 May 2020 17:49:14 GMT
82 http request GET https://registry.npmjs.org/fsevents
83 http 304 https://registry.npmjs.org/fsevents
84 verbose headers { date: 'Thu, 14 May 2020 15:13:55 GMT',
84 verbose headers   connection: 'keep-alive',
84 verbose headers   'set-cookie':
84 verbose headers    [ '__cfduid=ddc4172b4cfb64263f63d5e9b14a5338a1589469235; expires=Sat, 13-Jun-20 15:13:55 GMT; path=/; domain=.npmjs.org; HttpOnly; SameSite=Lax' ],
84 verbose headers   'cf-ray': '593590e24b560686-LHR',
84 verbose headers   age: '1913',
84 verbose headers   'cache-control': 'public, max-age=300',
84 verbose headers   etag: '"9ff14987b4ec19e977697a4c1d741a18"',
84 verbose headers   'last-modified': 'Wed, 06 May 2020 17:49:14 GMT',
84 verbose headers   vary: 'Accept-Encoding',
84 verbose headers   'cf-cache-status': 'HIT',
84 verbose headers   'expect-ct': 'max-age=604800, report-uri="https://report-uri.cloudflare.com/cdn-cgi/beacon/expect-ct"',
84 verbose headers   server: 'cloudflare',
84 verbose headers   'cf-request-id': '02b558e16b00000686ef846200000001' }
85 silly get cb [ 304,
85 silly get   { date: 'Thu, 14 May 2020 15:13:55 GMT',
85 silly get     connection: 'keep-alive',
85 silly get     'set-cookie':
85 silly get      [ '__cfduid=ddc4172b4cfb64263f63d5e9b14a5338a1589469235; expires=Sat, 13-Jun-20 15:13:55 GMT; path=/; domain=.npmjs.org; HttpOnly; SameSite=Lax' ],
85 silly get     'cf-ray': '593590e24b560686-LHR',
85 silly get     age: '1913',
85 silly get     'cache-control': 'public, max-age=300',
85 silly get     etag: '"9ff14987b4ec19e977697a4c1d741a18"',
85 silly get     'last-modified': 'Wed, 06 May 2020 17:49:14 GMT',
85 silly get     vary: 'Accept-Encoding',
85 silly get     'cf-cache-status': 'HIT',
85 silly get     'expect-ct': 'max-age=604800, report-uri="https://report-uri.cloudflare.com/cdn-cgi/beacon/expect-ct"',
85 silly get     server: 'cloudflare',
85 silly get     'cf-request-id': '02b558e16b00000686ef846200000001' } ]
86 verbose etag https://registry.npmjs.org/fsevents from cache
87 verbose get saving fsevents to /home/donutttt/.npm/registry.npmjs.org/fsevents/.cache.json
88 silly resolveWithNewModule fsevents@1.2.13 checking installable status
89 silly loadAllDepsIntoIdealTree Finishing
90 silly idealTree:prePrune typescript-node-starter@1.0.0
90 silly idealTree:prePrune ├── @types/node@9.6.55
90 silly idealTree:prePrune ├── @types/pngjs@3.4.2
90 silly idealTree:prePrune ├── @types/strip-bom@3.0.0
90 silly idealTree:prePrune ├── @types/strip-json-comments@0.0.30
90 silly idealTree:prePrune ├─┬ acorn-dynamic-import@2.0.2
90 silly idealTree:prePrune │ └── acorn@4.0.13
90 silly idealTree:prePrune ├── acorn@5.7.4
90 silly idealTree:prePrune ├── ajv-keywords@3.4.1
90 silly idealTree:prePrune ├── ajv@6.12.2
90 silly idealTree:prePrune ├─┬ align-text@0.1.4
90 silly idealTree:prePrune │ └── kind-of@3.2.2
90 silly idealTree:prePrune ├── ansi-regex@2.1.1
90 silly idealTree:prePrune ├── ansi-styles@3.2.1
90 silly idealTree:prePrune ├─┬ anymatch@2.0.0
90 silly idealTree:prePrune │ └── normalize-path@2.1.1
90 silly idealTree:prePrune ├── arr-diff@4.0.0
90 silly idealTree:prePrune ├── arr-flatten@1.1.0
90 silly idealTree:prePrune ├── arr-union@3.1.0
90 silly idealTree:prePrune ├── array-unique@0.3.2
90 silly idealTree:prePrune ├── arrify@1.0.1
90 silly idealTree:prePrune ├─┬ asn1.js@4.10.1
90 silly idealTree:prePrune │ └── bn.js@4.11.8
90 silly idealTree:prePrune ├── asn1@0.2.4
90 silly idealTree:prePrune ├── assert-plus@1.0.0
90 silly idealTree:prePrune ├─┬ assert@1.5.0
90 silly idealTree:prePrune │ ├── inherits@2.0.1
90 silly idealTree:prePrune │ └── util@0.10.3
90 silly idealTree:prePrune ├── assign-symbols@1.0.0
90 silly idealTree:prePrune ├── async-each@1.0.3
90 silly idealTree:prePrune ├── async@2.6.3
90 silly idealTree:prePrune ├── asynckit@0.4.0
90 silly idealTree:prePrune ├── atob@2.1.2
90 silly idealTree:prePrune ├── aws-sign2@0.7.0
90 silly idealTree:prePrune ├── aws4@1.9.1
90 silly idealTree:prePrune ├── balanced-match@1.0.0
90 silly idealTree:prePrune ├─┬ base@0.11.2
90 silly idealTree:prePrune │ ├── define-property@1.0.0
90 silly idealTree:prePrune │ ├── is-accessor-descriptor@1.0.0
90 silly idealTree:prePrune │ ├── is-data-descriptor@1.0.0
90 silly idealTree:prePrune │ └── is-descriptor@1.0.2
90 silly idealTree:prePrune ├── base64-js@1.3.1
90 silly idealTree:prePrune ├── bcrypt-pbkdf@1.0.2
90 silly idealTree:prePrune ├── big.js@5.2.2
90 silly idealTree:prePrune ├── binary-extensions@1.13.1
90 silly idealTree:prePrune ├── bn.js@5.1.1
90 silly idealTree:prePrune ├── brace-expansion@1.1.11
90 silly idealTree:prePrune ├─┬ braces@2.3.2
90 silly idealTree:prePrune │ └── extend-shallow@2.0.1
90 silly idealTree:prePrune ├── brorand@1.1.0
90 silly idealTree:prePrune ├── browserify-aes@1.2.0
90 silly idealTree:prePrune ├── browserify-cipher@1.0.1
90 silly idealTree:prePrune ├── browserify-des@1.0.2
90 silly idealTree:prePrune ├─┬ browserify-rsa@4.0.1
90 silly idealTree:prePrune │ └── bn.js@4.11.8
90 silly idealTree:prePrune ├─┬ browserify-sign@4.1.0
90 silly idealTree:prePrune │ └── readable-stream@3.6.0
90 silly idealTree:prePrune ├── browserify-zlib@0.2.0
90 silly idealTree:prePrune ├── buffer-from@1.1.1
90 silly idealTree:prePrune ├── buffer-xor@1.0.3
90 silly idealTree:prePrune ├── buffer@4.9.2
90 silly idealTree:prePrune ├── builtin-status-codes@3.0.0
90 silly idealTree:prePrune ├── cache-base@1.0.1
90 silly idealTree:prePrune ├── camelcase@1.2.1
90 silly idealTree:prePrune ├── caseless@0.12.0
90 silly idealTree:prePrune ├── center-align@0.1.3
90 silly idealTree:prePrune ├── chalk@2.4.2
90 silly idealTree:prePrune ├── chokidar@2.1.8
90 silly idealTree:prePrune ├── cipher-base@1.0.4
90 silly idealTree:prePrune ├─┬ class-utils@0.3.6
90 silly idealTree:prePrune │ └── define-property@0.2.5
90 silly idealTree:prePrune ├── clean-webpack-plugin@0.1.19
90 silly idealTree:prePrune ├── cliui@2.1.0
90 silly idealTree:prePrune ├── code-point-at@1.1.0
90 silly idealTree:prePrune ├── collection-visit@1.0.0
90 silly idealTree:prePrune ├── color-convert@1.9.3
90 silly idealTree:prePrune ├── color-name@1.1.3
90 silly idealTree:prePrune ├── combined-stream@1.0.8
90 silly idealTree:prePrune ├── component-emitter@1.3.0
90 silly idealTree:prePrune ├── concat-map@0.0.1
90 silly idealTree:prePrune ├── console-browserify@1.2.0
90 silly idealTree:prePrune ├── constants-browserify@1.0.0
90 silly idealTree:prePrune ├── copy-descriptor@0.1.1
90 silly idealTree:prePrune ├── core-util-is@1.0.2
90 silly idealTree:prePrune ├─┬ create-ecdh@4.0.3
90 silly idealTree:prePrune │ └── bn.js@4.11.8
90 silly idealTree:prePrune ├── create-hash@1.2.0
90 silly idealTree:prePrune ├── create-hmac@1.1.7
90 silly idealTree:prePrune ├── cross-spawn@5.1.0
90 silly idealTree:prePrune ├── crypto-browserify@3.12.0
90 silly idealTree:prePrune ├── d@1.0.1
90 silly idealTree:prePrune ├── dashdash@1.14.1
90 silly idealTree:prePrune ├── debug@2.6.9
90 silly idealTree:prePrune ├── decamelize@1.2.0
90 silly idealTree:prePrune ├── decode-uri-component@0.2.0
90 silly idealTree:prePrune ├─┬ define-property@2.0.2
90 silly idealTree:prePrune │ ├── is-accessor-descriptor@1.0.0
90 silly idealTree:prePrune │ ├── is-data-descriptor@1.0.0
90 silly idealTree:prePrune │ └── is-descriptor@1.0.2
90 silly idealTree:prePrune ├── delayed-stream@1.0.0
90 silly idealTree:prePrune ├── des.js@1.0.1
90 silly idealTree:prePrune ├── diff@3.5.0
90 silly idealTree:prePrune ├─┬ diffie-hellman@5.0.3
90 silly idealTree:prePrune │ └── bn.js@4.11.8
90 silly idealTree:prePrune ├── domain-browser@1.2.0
90 silly idealTree:prePrune ├── ecc-jsbn@0.1.2
90 silly idealTree:prePrune ├─┬ elliptic@6.5.2
90 silly idealTree:prePrune │ └── bn.js@4.11.8
90 silly idealTree:prePrune ├── emojis-list@3.0.0
90 silly idealTree:prePrune ├── enhanced-resolve@3.4.1
90 silly idealTree:prePrune ├── errno@0.1.7
90 silly idealTree:prePrune ├── error-ex@1.3.2
90 silly idealTree:prePrune ├── es5-ext@0.10.53
90 silly idealTree:prePrune ├── es6-iterator@2.0.3
90 silly idealTree:prePrune ├── es6-map@0.1.5
90 silly idealTree:prePrune ├─┬ es6-set@0.1.5
90 silly idealTree:prePrune │ └── es6-symbol@3.1.1
90 silly idealTree:prePrune ├── es6-symbol@3.1.3
90 silly idealTree:prePrune ├── es6-weak-map@2.0.3
90 silly idealTree:prePrune ├── escape-string-regexp@1.0.5
90 silly idealTree:prePrune ├── escope@3.6.0
90 silly idealTree:prePrune ├── esrecurse@4.2.1
90 silly idealTree:prePrune ├── estraverse@4.3.0
90 silly idealTree:prePrune ├── event-emitter@0.3.5
90 silly idealTree:prePrune ├── events@3.1.0
90 silly idealTree:prePrune ├── evp_bytestokey@1.0.3
90 silly idealTree:prePrune ├── execa@0.7.0
90 silly idealTree:prePrune ├─┬ expand-brackets@2.1.4
90 silly idealTree:prePrune │ ├── define-property@0.2.5
90 silly idealTree:prePrune │ └── extend-shallow@2.0.1
90 silly idealTree:prePrune ├─┬ ext@1.4.0
90 silly idealTree:prePrune │ └── type@2.0.0
90 silly idealTree:prePrune ├─┬ extend-shallow@3.0.2
90 silly idealTree:prePrune │ └── is-extendable@1.0.1
90 silly idealTree:prePrune ├── extend@3.0.2
90 silly idealTree:prePrune ├─┬ extglob@2.0.4
90 silly idealTree:prePrune │ ├── define-property@1.0.0
90 silly idealTree:prePrune │ ├── extend-shallow@2.0.1
90 silly idealTree:prePrune │ ├── is-accessor-descriptor@1.0.0
90 silly idealTree:prePrune │ ├── is-data-descriptor@1.0.0
90 silly idealTree:prePrune │ └── is-descriptor@1.0.2
90 silly idealTree:prePrune ├── extsprintf@1.3.0
90 silly idealTree:prePrune ├── fast-deep-equal@3.1.1
90 silly idealTree:prePrune ├── fast-json-stable-stringify@2.1.0
90 silly idealTree:prePrune ├─┬ fill-range@4.0.0
90 silly idealTree:prePrune │ └── extend-shallow@2.0.1
90 silly idealTree:prePrune ├── find-up@2.1.0
90 silly idealTree:prePrune ├── for-in@1.0.2
90 silly idealTree:prePrune ├── forever-agent@0.6.1
90 silly idealTree:prePrune ├── form-data@2.3.3
90 silly idealTree:prePrune ├── fragment-cache@0.2.1
90 silly idealTree:prePrune ├── fs.realpath@1.0.0
90 silly idealTree:prePrune ├── get-caller-file@1.0.3
90 silly idealTree:prePrune ├── get-stream@3.0.0
90 silly idealTree:prePrune ├── get-value@2.0.6
90 silly idealTree:prePrune ├── getpass@0.1.7
90 silly idealTree:prePrune ├─┬ glob-parent@3.1.0
90 silly idealTree:prePrune │ └── is-glob@3.1.0
90 silly idealTree:prePrune ├── glob@7.1.6
90 silly idealTree:prePrune ├── graceful-fs@4.2.4
90 silly idealTree:prePrune ├── har-schema@2.0.0
90 silly idealTree:prePrune ├── har-validator@5.1.3
90 silly idealTree:prePrune ├── has-flag@3.0.0
90 silly idealTree:prePrune ├── has-value@1.0.0
90 silly idealTree:prePrune ├─┬ has-values@1.0.0
90 silly idealTree:prePrune │ └── kind-of@4.0.0
90 silly idealTree:prePrune ├─┬ hash-base@3.1.0
90 silly idealTree:prePrune │ ├── readable-stream@3.6.0
90 silly idealTree:prePrune │ └── safe-buffer@5.2.1
90 silly idealTree:prePrune ├── hash.js@1.1.7
90 silly idealTree:prePrune ├── hmac-drbg@1.0.1
90 silly idealTree:prePrune ├── homedir-polyfill@1.0.3
90 silly idealTree:prePrune ├── hosted-git-info@2.8.8
90 silly idealTree:prePrune ├── http-signature@1.2.0
90 silly idealTree:prePrune ├── https-browserify@1.0.0
90 silly idealTree:prePrune ├── ieee754@1.1.13
90 silly idealTree:prePrune ├── inflight@1.0.6
90 silly idealTree:prePrune ├── inherits@2.0.4
90 silly idealTree:prePrune ├── interpret@1.2.0
90 silly idealTree:prePrune ├── invert-kv@1.0.0
90 silly idealTree:prePrune ├─┬ is-accessor-descriptor@0.1.6
90 silly idealTree:prePrune │ └── kind-of@3.2.2
90 silly idealTree:prePrune ├── is-arrayish@0.2.1
90 silly idealTree:prePrune ├── is-binary-path@1.0.1
90 silly idealTree:prePrune ├── is-buffer@1.1.6
90 silly idealTree:prePrune ├─┬ is-data-descriptor@0.1.4
90 silly idealTree:prePrune │ └── kind-of@3.2.2
90 silly idealTree:prePrune ├─┬ is-descriptor@0.1.6
90 silly idealTree:prePrune │ └── kind-of@5.1.0
90 silly idealTree:prePrune ├── is-extendable@0.1.1
90 silly idealTree:prePrune ├── is-extglob@2.1.1
90 silly idealTree:prePrune ├── is-fullwidth-code-point@1.0.0
90 silly idealTree:prePrune ├── is-glob@4.0.1
90 silly idealTree:prePrune ├─┬ is-number@3.0.0
90 silly idealTree:prePrune │ └── kind-of@3.2.2
90 silly idealTree:prePrune ├── is-plain-object@2.0.4
90 silly idealTree:prePrune ├── is-stream@1.1.0
90 silly idealTree:prePrune ├── is-typedarray@1.0.0
90 silly idealTree:prePrune ├── is-windows@1.0.2
90 silly idealTree:prePrune ├── isarray@1.0.0
90 silly idealTree:prePrune ├── isexe@2.0.0
90 silly idealTree:prePrune ├── isobject@3.0.1
90 silly idealTree:prePrune ├── isstream@0.1.2
90 silly idealTree:prePrune ├── jsbn@0.1.1
90 silly idealTree:prePrune ├── json-loader@0.5.7
90 silly idealTree:prePrune ├── json-schema-traverse@0.4.1
90 silly idealTree:prePrune ├── json-schema@0.2.3
90 silly idealTree:prePrune ├── json-stringify-safe@5.0.1
90 silly idealTree:prePrune ├── json5@1.0.1
90 silly idealTree:prePrune ├── jsprim@1.4.1
90 silly idealTree:prePrune ├── kind-of@6.0.3
90 silly idealTree:prePrune ├── lazy-cache@1.0.4
90 silly idealTree:prePrune ├── lcid@1.0.0
90 silly idealTree:prePrune ├── load-json-file@2.0.0
90 silly idealTree:prePrune ├── loader-runner@2.4.0
90 silly idealTree:prePrune ├── loader-utils@1.4.0
90 silly idealTree:prePrune ├── locate-path@2.0.0
90 silly idealTree:prePrune ├── lodash@4.17.15
90 silly idealTree:prePrune ├── longest@1.0.1
90 silly idealTree:prePrune ├── lru-cache@4.1.5
90 silly idealTree:prePrune ├── make-error@1.3.6
90 silly idealTree:prePrune ├── map-cache@0.2.2
90 silly idealTree:prePrune ├── map-visit@1.0.0
90 silly idealTree:prePrune ├── md5.js@1.3.5
90 silly idealTree:prePrune ├── mem@1.1.0
90 silly idealTree:prePrune ├── memory-fs@0.4.1
90 silly idealTree:prePrune ├── micromatch@3.1.10
90 silly idealTree:prePrune ├─┬ miller-rabin@4.0.1
90 silly idealTree:prePrune │ └── bn.js@4.11.8
90 silly idealTree:prePrune ├── mime-db@1.44.0
90 silly idealTree:prePrune ├── mime-types@2.1.27
90 silly idealTree:prePrune ├── mimic-fn@1.2.0
90 silly idealTree:prePrune ├── minimalistic-assert@1.0.1
90 silly idealTree:prePrune ├── minimalistic-crypto-utils@1.0.1
90 silly idealTree:prePrune ├── minimatch@3.0.4
90 silly idealTree:prePrune ├── minimist@1.2.5
90 silly idealTree:prePrune ├─┬ mixin-deep@1.3.2
90 silly idealTree:prePrune │ └── is-extendable@1.0.1
90 silly idealTree:prePrune ├── mkdirp@0.5.5
90 silly idealTree:prePrune ├── ms@2.0.0
90 silly idealTree:prePrune ├── nanomatch@1.2.13
90 silly idealTree:prePrune ├── neo-async@2.6.1
90 silly idealTree:prePrune ├── next-tick@1.0.0
90 silly idealTree:prePrune ├─┬ node-libs-browser@2.2.1
90 silly idealTree:prePrune │ └── punycode@1.4.1
90 silly idealTree:prePrune ├── normalize-package-data@2.5.0
90 silly idealTree:prePrune ├── normalize-path@3.0.0
90 silly idealTree:prePrune ├── npm-run-path@2.0.2
90 silly idealTree:prePrune ├── number-is-nan@1.0.1
90 silly idealTree:prePrune ├── oauth-sign@0.9.0
90 silly idealTree:prePrune ├── object-assign@4.1.1
90 silly idealTree:prePrune ├─┬ object-copy@0.1.0
90 silly idealTree:prePrune │ ├── define-property@0.2.5
90 silly idealTree:prePrune │ └── kind-of@3.2.2
90 silly idealTree:prePrune ├── object-visit@1.0.1
90 silly idealTree:prePrune ├── object.pick@1.3.0
90 silly idealTree:prePrune ├── once@1.4.0
90 silly idealTree:prePrune ├── os-browserify@0.3.0
90 silly idealTree:prePrune ├── os-locale@2.1.0
90 silly idealTree:prePrune ├── p-finally@1.0.0
90 silly idealTree:prePrune ├── p-limit@1.3.0
90 silly idealTree:prePrune ├── p-locate@2.0.0
90 silly idealTree:prePrune ├── p-try@1.0.0
90 silly idealTree:prePrune ├── pako@1.0.11
90 silly idealTree:prePrune ├── parse-asn1@5.1.5
90 silly idealTree:prePrune ├── parse-json@2.2.0
90 silly idealTree:prePrune ├── parse-passwd@1.0.0
90 silly idealTree:prePrune ├── pascalcase@0.1.1
90 silly idealTree:prePrune ├── path-browserify@0.0.1
90 silly idealTree:prePrune ├── path-dirname@1.0.2
90 silly idealTree:prePrune ├── path-exists@3.0.0
90 silly idealTree:prePrune ├── path-is-absolute@1.0.1
90 silly idealTree:prePrune ├── path-key@2.0.1
90 silly idealTree:prePrune ├── path-parse@1.0.6
90 silly idealTree:prePrune ├── path-type@2.0.0
90 silly idealTree:prePrune ├── pbkdf2@3.0.17
90 silly idealTree:prePrune ├── performance-now@2.1.0
90 silly idealTree:prePrune ├── pify@2.3.0
90 silly idealTree:prePrune ├── pngjs@5.0.0
90 silly idealTree:prePrune ├── posix-character-classes@0.1.1
90 silly idealTree:prePrune ├── process-nextick-args@2.0.1
90 silly idealTree:prePrune ├── process@0.11.10
90 silly idealTree:prePrune ├── prr@1.0.1
90 silly idealTree:prePrune ├── pseudomap@1.0.2
90 silly idealTree:prePrune ├── psl@1.8.0
90 silly idealTree:prePrune ├─┬ public-encrypt@4.0.3
90 silly idealTree:prePrune │ └── bn.js@4.11.8
90 silly idealTree:prePrune ├── punycode@2.1.1
90 silly idealTree:prePrune ├── qs@6.5.2
90 silly idealTree:prePrune ├── querystring-es3@0.2.1
90 silly idealTree:prePrune ├── querystring@0.2.0
90 silly idealTree:prePrune ├── randombytes@2.1.0
90 silly idealTree:prePrune ├── randomfill@1.0.4
90 silly idealTree:prePrune ├── read-pkg-up@2.0.0
90 silly idealTree:prePrune ├── read-pkg@2.0.0
90 silly idealTree:prePrune ├── readable-stream@2.3.7
90 silly idealTree:prePrune ├── readdirp@2.2.1
90 silly idealTree:prePrune ├── regex-not@1.0.2
90 silly idealTree:prePrune ├── remove-trailing-separator@1.1.0
90 silly idealTree:prePrune ├── repeat-element@1.1.3
90 silly idealTree:prePrune ├── repeat-string@1.6.1
90 silly idealTree:prePrune ├── request@2.88.2
90 silly idealTree:prePrune ├── require-directory@2.1.1
90 silly idealTree:prePrune ├── require-main-filename@1.0.1
90 silly idealTree:prePrune ├── resolve-url@0.2.1
90 silly idealTree:prePrune ├── resolve@1.17.0
90 silly idealTree:prePrune ├── ret@0.1.15
90 silly idealTree:prePrune ├── right-align@0.1.3
90 silly idealTree:prePrune ├── rimraf@2.7.1
90 silly idealTree:prePrune ├── ripemd160@2.0.2
90 silly idealTree:prePrune ├── safe-buffer@5.1.2
90 silly idealTree:prePrune ├── safe-regex@1.1.0
90 silly idealTree:prePrune ├── safer-buffer@2.1.2
90 silly idealTree:prePrune ├── semver@5.7.1
90 silly idealTree:prePrune ├── set-blocking@2.0.0
90 silly idealTree:prePrune ├─┬ set-value@2.0.1
90 silly idealTree:prePrune │ └── extend-shallow@2.0.1
90 silly idealTree:prePrune ├── setimmediate@1.0.5
90 silly idealTree:prePrune ├── sha.js@2.4.11
90 silly idealTree:prePrune ├── shebang-command@1.2.0
90 silly idealTree:prePrune ├── shebang-regex@1.0.0
90 silly idealTree:prePrune ├── signal-exit@3.0.3
90 silly idealTree:prePrune ├─┬ snapdragon-node@2.1.1
90 silly idealTree:prePrune │ ├── define-property@1.0.0
90 silly idealTree:prePrune │ ├── is-accessor-descriptor@1.0.0
90 silly idealTree:prePrune │ ├── is-data-descriptor@1.0.0
90 silly idealTree:prePrune │ └── is-descriptor@1.0.2
90 silly idealTree:prePrune ├─┬ snapdragon-util@3.0.1
90 silly idealTree:prePrune │ └── kind-of@3.2.2
90 silly idealTree:prePrune ├─┬ snapdragon@0.8.2
90 silly idealTree:prePrune │ ├── define-property@0.2.5
90 silly idealTree:prePrune │ └── extend-shallow@2.0.1
90 silly idealTree:prePrune ├── source-list-map@2.0.1
90 silly idealTree:prePrune ├── source-map-resolve@0.5.3
90 silly idealTree:prePrune ├─┬ source-map-support@0.5.19
90 silly idealTree:prePrune │ └── source-map@0.6.1
90 silly idealTree:prePrune ├── source-map-url@0.4.0
90 silly idealTree:prePrune ├── source-map@0.5.7
90 silly idealTree:prePrune ├── spdx-correct@3.1.0
90 silly idealTree:prePrune ├── spdx-exceptions@2.3.0
90 silly idealTree:prePrune ├── spdx-expression-parse@3.0.1
90 silly idealTree:prePrune ├── spdx-license-ids@3.0.5
90 silly idealTree:prePrune ├── split-string@3.1.0
90 silly idealTree:prePrune ├── sshpk@1.16.1
90 silly idealTree:prePrune ├─┬ static-extend@0.1.2
90 silly idealTree:prePrune │ └── define-property@0.2.5
90 silly idealTree:prePrune ├── stream-browserify@2.0.2
90 silly idealTree:prePrune ├── stream-http@2.8.3
90 silly idealTree:prePrune ├── string_decoder@1.1.1
90 silly idealTree:prePrune ├─┬ string-width@2.1.1
90 silly idealTree:prePrune │ ├── ansi-regex@3.0.0
90 silly idealTree:prePrune │ ├── is-fullwidth-code-point@2.0.0
90 silly idealTree:prePrune │ └── strip-ansi@4.0.0
90 silly idealTree:prePrune ├── strip-ansi@3.0.1
90 silly idealTree:prePrune ├── strip-bom@3.0.0
90 silly idealTree:prePrune ├── strip-eof@1.0.0
90 silly idealTree:prePrune ├── strip-json-comments@2.0.1
90 silly idealTree:prePrune ├── supports-color@5.5.0
90 silly idealTree:prePrune ├── tapable@0.2.9
90 silly idealTree:prePrune ├── timers-browserify@2.0.11
90 silly idealTree:prePrune ├── to-arraybuffer@1.0.1
90 silly idealTree:prePrune ├─┬ to-object-path@0.3.0
90 silly idealTree:prePrune │ └── kind-of@3.2.2
90 silly idealTree:prePrune ├── to-regex-range@2.1.1
90 silly idealTree:prePrune ├── to-regex@3.0.2
90 silly idealTree:prePrune ├── tough-cookie@2.5.0
90 silly idealTree:prePrune ├── ts-loader@3.5.0
90 silly idealTree:prePrune ├── ts-node@4.1.0
90 silly idealTree:prePrune ├── tsconfig@7.0.0
90 silly idealTree:prePrune ├── tty-browserify@0.0.0
90 silly idealTree:prePrune ├── tunnel-agent@0.6.0
90 silly idealTree:prePrune ├── tweetnacl@0.14.5
90 silly idealTree:prePrune ├── type@1.2.0
90 silly idealTree:prePrune ├── typescript@2.9.2
90 silly idealTree:prePrune ├─┬ uglify-js@2.8.29
90 silly idealTree:prePrune │ └── yargs@3.10.0
90 silly idealTree:prePrune ├── uglify-to-browserify@1.0.2
90 silly idealTree:prePrune ├── uglifyjs-webpack-plugin@0.4.6
90 silly idealTree:prePrune ├── union-value@1.0.1
90 silly idealTree:prePrune ├─┬ unset-value@1.0.0
90 silly idealTree:prePrune │ ├─┬ has-value@0.3.1
90 silly idealTree:prePrune │ │ └── isobject@2.1.0
90 silly idealTree:prePrune │ └── has-values@0.1.4
90 silly idealTree:prePrune ├── upath@1.2.0
90 silly idealTree:prePrune ├── uri-js@4.2.2
90 silly idealTree:prePrune ├── urix@0.1.0
90 silly idealTree:prePrune ├─┬ url@0.11.0
90 silly idealTree:prePrune │ └── punycode@1.3.2
90 silly idealTree:prePrune ├── use@3.1.1
90 silly idealTree:prePrune ├── util-deprecate@1.0.2
90 silly idealTree:prePrune ├─┬ util@0.11.1
90 silly idealTree:prePrune │ └── inherits@2.0.3
90 silly idealTree:prePrune ├── uuid@3.4.0
90 silly idealTree:prePrune ├── v8flags@3.1.3
90 silly idealTree:prePrune ├── validate-npm-package-license@3.0.4
90 silly idealTree:prePrune ├── verror@1.10.0
90 silly idealTree:prePrune ├── vm-browserify@1.1.2
90 silly idealTree:prePrune ├── watchpack@1.6.1
90 silly idealTree:prePrune ├─┬ webpack-sources@1.4.3
90 silly idealTree:prePrune │ └── source-map@0.6.1
90 silly idealTree:prePrune ├─┬ webpack@3.12.0
90 silly idealTree:prePrune │ ├── has-flag@2.0.0
90 silly idealTree:prePrune │ ├── json5@0.5.1
90 silly idealTree:prePrune │ └── supports-color@4.5.0
90 silly idealTree:prePrune ├── which-module@2.0.0
90 silly idealTree:prePrune ├── which@1.3.1
90 silly idealTree:prePrune ├── window-size@0.1.0
90 silly idealTree:prePrune ├── wordwrap@0.0.2
90 silly idealTree:prePrune ├─┬ wrap-ansi@2.1.0
90 silly idealTree:prePrune │ └── string-width@1.0.2
90 silly idealTree:prePrune ├── wrappy@1.0.2
90 silly idealTree:prePrune ├── xtend@4.0.2
90 silly idealTree:prePrune ├── y18n@3.2.1
90 silly idealTree:prePrune ├── yallist@2.1.2
90 silly idealTree:prePrune ├─┬ yargs-parser@7.0.0
90 silly idealTree:prePrune │ └── camelcase@4.1.0
90 silly idealTree:prePrune ├─┬ yargs@8.0.2
90 silly idealTree:prePrune │ ├── camelcase@4.1.0
90 silly idealTree:prePrune │ └─┬ cliui@3.2.0
90 silly idealTree:prePrune │   └── string-width@1.0.2
90 silly idealTree:prePrune └── yn@2.0.0
91 silly loadIdealTree Finishing
92 silly currentTree typescript-node-starter@1.0.0
92 silly currentTree ├── @types/node@9.6.55
92 silly currentTree ├── @types/strip-bom@3.0.0
92 silly currentTree ├── @types/strip-json-comments@0.0.30
92 silly currentTree ├─┬ acorn-dynamic-import@2.0.2
92 silly currentTree │ └── acorn@4.0.13
92 silly currentTree ├── acorn@5.7.4
92 silly currentTree ├── ajv-keywords@3.4.1
92 silly currentTree ├── ajv@6.12.2
92 silly currentTree ├─┬ align-text@0.1.4
92 silly currentTree │ └── kind-of@3.2.2
92 silly currentTree ├── ansi-regex@2.1.1
92 silly currentTree ├── ansi-styles@3.2.1
92 silly currentTree ├─┬ anymatch@2.0.0
92 silly currentTree │ └── normalize-path@2.1.1
92 silly currentTree ├── arr-diff@4.0.0
92 silly currentTree ├── arr-flatten@1.1.0
92 silly currentTree ├── arr-union@3.1.0
92 silly currentTree ├── array-unique@0.3.2
92 silly currentTree ├── arrify@1.0.1
92 silly currentTree ├─┬ asn1.js@4.10.1
92 silly currentTree │ └── bn.js@4.11.8
92 silly currentTree ├── asn1@0.2.4
92 silly currentTree ├── assert-plus@1.0.0
92 silly currentTree ├─┬ assert@1.5.0
92 silly currentTree │ ├── inherits@2.0.1
92 silly currentTree │ └── util@0.10.3
92 silly currentTree ├── assign-symbols@1.0.0
92 silly currentTree ├── async-each@1.0.3
92 silly currentTree ├── async@2.6.3
92 silly currentTree ├── asynckit@0.4.0
92 silly currentTree ├── atob@2.1.2
92 silly currentTree ├── aws-sign2@0.7.0
92 silly currentTree ├── aws4@1.9.1
92 silly currentTree ├── balanced-match@1.0.0
92 silly currentTree ├─┬ base@0.11.2
92 silly currentTree │ ├── define-property@1.0.0
92 silly currentTree │ ├── is-accessor-descriptor@1.0.0
92 silly currentTree │ ├── is-data-descriptor@1.0.0
92 silly currentTree │ └── is-descriptor@1.0.2
92 silly currentTree ├── base64-js@1.3.1
92 silly currentTree ├── bcrypt-pbkdf@1.0.2
92 silly currentTree ├── big.js@5.2.2
92 silly currentTree ├── binary-extensions@1.13.1
92 silly currentTree ├── bn.js@5.1.1
92 silly currentTree ├── brace-expansion@1.1.11
92 silly currentTree ├─┬ braces@2.3.2
92 silly currentTree │ └── extend-shallow@2.0.1
92 silly currentTree ├── brorand@1.1.0
92 silly currentTree ├── browserify-aes@1.2.0
92 silly currentTree ├── browserify-cipher@1.0.1
92 silly currentTree ├── browserify-des@1.0.2
92 silly currentTree ├─┬ browserify-rsa@4.0.1
92 silly currentTree │ └── bn.js@4.11.8
92 silly currentTree ├─┬ browserify-sign@4.1.0
92 silly currentTree │ └── readable-stream@3.6.0
92 silly currentTree ├── browserify-zlib@0.2.0
92 silly currentTree ├── buffer-from@1.1.1
92 silly currentTree ├── buffer-xor@1.0.3
92 silly currentTree ├── buffer@4.9.2
92 silly currentTree ├── builtin-status-codes@3.0.0
92 silly currentTree ├── cache-base@1.0.1
92 silly currentTree ├── camelcase@1.2.1
92 silly currentTree ├── caseless@0.12.0
92 silly currentTree ├── center-align@0.1.3
92 silly currentTree ├── chalk@2.4.2
92 silly currentTree ├── chokidar@2.1.8
92 silly currentTree ├── cipher-base@1.0.4
92 silly currentTree ├─┬ class-utils@0.3.6
92 silly currentTree │ └── define-property@0.2.5
92 silly currentTree ├── clean-webpack-plugin@0.1.19
92 silly currentTree ├── cliui@2.1.0
92 silly currentTree ├── code-point-at@1.1.0
92 silly currentTree ├── collection-visit@1.0.0
92 silly currentTree ├── color-convert@1.9.3
92 silly currentTree ├── color-name@1.1.3
92 silly currentTree ├── combined-stream@1.0.8
92 silly currentTree ├── component-emitter@1.3.0
92 silly currentTree ├── concat-map@0.0.1
92 silly currentTree ├── console-browserify@1.2.0
92 silly currentTree ├── constants-browserify@1.0.0
92 silly currentTree ├── copy-descriptor@0.1.1
92 silly currentTree ├── core-util-is@1.0.2
92 silly currentTree ├─┬ create-ecdh@4.0.3
92 silly currentTree │ └── bn.js@4.11.8
92 silly currentTree ├── create-hash@1.2.0
92 silly currentTree ├── create-hmac@1.1.7
92 silly currentTree ├── cross-spawn@5.1.0
92 silly currentTree ├── crypto-browserify@3.12.0
92 silly currentTree ├── d@1.0.1
92 silly currentTree ├── dashdash@1.14.1
92 silly currentTree ├── debug@2.6.9
92 silly currentTree ├── decamelize@1.2.0
92 silly currentTree ├── decode-uri-component@0.2.0
92 silly currentTree ├─┬ define-property@2.0.2
92 silly currentTree │ ├── is-accessor-descriptor@1.0.0
92 silly currentTree │ ├── is-data-descriptor@1.0.0
92 silly currentTree │ └── is-descriptor@1.0.2
92 silly currentTree ├── delayed-stream@1.0.0
92 silly currentTree ├── des.js@1.0.1
92 silly currentTree ├── diff@3.5.0
92 silly currentTree ├─┬ diffie-hellman@5.0.3
92 silly currentTree │ └── bn.js@4.11.8
92 silly currentTree ├── domain-browser@1.2.0
92 silly currentTree ├── ecc-jsbn@0.1.2
92 silly currentTree ├─┬ elliptic@6.5.2
92 silly currentTree │ └── bn.js@4.11.8
92 silly currentTree ├── emojis-list@3.0.0
92 silly currentTree ├── enhanced-resolve@3.4.1
92 silly currentTree ├── errno@0.1.7
92 silly currentTree ├── error-ex@1.3.2
92 silly currentTree ├── es5-ext@0.10.53
92 silly currentTree ├── es6-iterator@2.0.3
92 silly currentTree ├── es6-map@0.1.5
92 silly currentTree ├─┬ es6-set@0.1.5
92 silly currentTree │ └── es6-symbol@3.1.1
92 silly currentTree ├── es6-symbol@3.1.3
92 silly currentTree ├── es6-weak-map@2.0.3
92 silly currentTree ├── escape-string-regexp@1.0.5
92 silly currentTree ├── escope@3.6.0
92 silly currentTree ├── esrecurse@4.2.1
92 silly currentTree ├── estraverse@4.3.0
92 silly currentTree ├── event-emitter@0.3.5
92 silly currentTree ├── events@3.1.0
92 silly currentTree ├── evp_bytestokey@1.0.3
92 silly currentTree ├── execa@0.7.0
92 silly currentTree ├─┬ expand-brackets@2.1.4
92 silly currentTree │ ├── define-property@0.2.5
92 silly currentTree │ └── extend-shallow@2.0.1
92 silly currentTree ├─┬ ext@1.4.0
92 silly currentTree │ └── type@2.0.0
92 silly currentTree ├─┬ extend-shallow@3.0.2
92 silly currentTree │ └── is-extendable@1.0.1
92 silly currentTree ├── extend@3.0.2
92 silly currentTree ├─┬ extglob@2.0.4
92 silly currentTree │ ├── define-property@1.0.0
92 silly currentTree │ ├── extend-shallow@2.0.1
92 silly currentTree │ ├── is-accessor-descriptor@1.0.0
92 silly currentTree │ ├── is-data-descriptor@1.0.0
92 silly currentTree │ └── is-descriptor@1.0.2
92 silly currentTree ├── extsprintf@1.3.0
92 silly currentTree ├── fast-deep-equal@3.1.1
92 silly currentTree ├── fast-json-stable-stringify@2.1.0
92 silly currentTree ├─┬ fill-range@4.0.0
92 silly currentTree │ └── extend-shallow@2.0.1
92 silly currentTree ├── find-up@2.1.0
92 silly currentTree ├── for-in@1.0.2
92 silly currentTree ├── forever-agent@0.6.1
92 silly currentTree ├── form-data@2.3.3
92 silly currentTree ├── fragment-cache@0.2.1
92 silly currentTree ├── fs.realpath@1.0.0
92 silly currentTree ├── get-caller-file@1.0.3
92 silly currentTree ├── get-stream@3.0.0
92 silly currentTree ├── get-value@2.0.6
92 silly currentTree ├── getpass@0.1.7
92 silly currentTree ├─┬ glob-parent@3.1.0
92 silly currentTree │ └── is-glob@3.1.0
92 silly currentTree ├── glob@7.1.6
92 silly currentTree ├── graceful-fs@4.2.4
92 silly currentTree ├── har-schema@2.0.0
92 silly currentTree ├── har-validator@5.1.3
92 silly currentTree ├── has-flag@3.0.0
92 silly currentTree ├── has-value@1.0.0
92 silly currentTree ├─┬ has-values@1.0.0
92 silly currentTree │ └── kind-of@4.0.0
92 silly currentTree ├─┬ hash-base@3.1.0
92 silly currentTree │ ├── readable-stream@3.6.0
92 silly currentTree │ └── safe-buffer@5.2.1
92 silly currentTree ├── hash.js@1.1.7
92 silly currentTree ├── hmac-drbg@1.0.1
92 silly currentTree ├── homedir-polyfill@1.0.3
92 silly currentTree ├── hosted-git-info@2.8.8
92 silly currentTree ├── http-signature@1.2.0
92 silly currentTree ├── https-browserify@1.0.0
92 silly currentTree ├── ieee754@1.1.13
92 silly currentTree ├── inflight@1.0.6
92 silly currentTree ├── inherits@2.0.4
92 silly currentTree ├── interpret@1.2.0
92 silly currentTree ├── invert-kv@1.0.0
92 silly currentTree ├─┬ is-accessor-descriptor@0.1.6
92 silly currentTree │ └── kind-of@3.2.2
92 silly currentTree ├── is-arrayish@0.2.1
92 silly currentTree ├── is-binary-path@1.0.1
92 silly currentTree ├── is-buffer@1.1.6
92 silly currentTree ├─┬ is-data-descriptor@0.1.4
92 silly currentTree │ └── kind-of@3.2.2
92 silly currentTree ├─┬ is-descriptor@0.1.6
92 silly currentTree │ └── kind-of@5.1.0
92 silly currentTree ├── is-extendable@0.1.1
92 silly currentTree ├── is-extglob@2.1.1
92 silly currentTree ├── is-fullwidth-code-point@1.0.0
92 silly currentTree ├── is-glob@4.0.1
92 silly currentTree ├─┬ is-number@3.0.0
92 silly currentTree │ └── kind-of@3.2.2
92 silly currentTree ├── is-plain-object@2.0.4
92 silly currentTree ├── is-stream@1.1.0
92 silly currentTree ├── is-typedarray@1.0.0
92 silly currentTree ├── is-windows@1.0.2
92 silly currentTree ├── isarray@1.0.0
92 silly currentTree ├── isexe@2.0.0
92 silly currentTree ├── isobject@3.0.1
92 silly currentTree ├── isstream@0.1.2
92 silly currentTree ├── jsbn@0.1.1
92 silly currentTree ├── json-loader@0.5.7
92 silly currentTree ├── json-schema-traverse@0.4.1
92 silly currentTree ├── json-schema@0.2.3
92 silly currentTree ├── json-stringify-safe@5.0.1
92 silly currentTree ├── json5@1.0.1
92 silly currentTree ├── jsprim@1.4.1
92 silly currentTree ├── kind-of@6.0.3
92 silly currentTree ├── lazy-cache@1.0.4
92 silly currentTree ├── lcid@1.0.0
92 silly currentTree ├── load-json-file@2.0.0
92 silly currentTree ├── loader-runner@2.4.0
92 silly currentTree ├── loader-utils@1.4.0
92 silly currentTree ├── locate-path@2.0.0
92 silly currentTree ├── lodash@4.17.15
92 silly currentTree ├── longest@1.0.1
92 silly currentTree ├── lru-cache@4.1.5
92 silly currentTree ├── make-error@1.3.6
92 silly currentTree ├── map-cache@0.2.2
92 silly currentTree ├── map-visit@1.0.0
92 silly currentTree ├── md5.js@1.3.5
92 silly currentTree ├── mem@1.1.0
92 silly currentTree ├── memory-fs@0.4.1
92 silly currentTree ├── micromatch@3.1.10
92 silly currentTree ├─┬ miller-rabin@4.0.1
92 silly currentTree │ └── bn.js@4.11.8
92 silly currentTree ├── mime-db@1.44.0
92 silly currentTree ├── mime-types@2.1.27
92 silly currentTree ├── mimic-fn@1.2.0
92 silly currentTree ├── minimalistic-assert@1.0.1
92 silly currentTree ├── minimalistic-crypto-utils@1.0.1
92 silly currentTree ├── minimatch@3.0.4
92 silly currentTree ├── minimist@1.2.5
92 silly currentTree ├─┬ mixin-deep@1.3.2
92 silly currentTree │ └── is-extendable@1.0.1
92 silly currentTree ├── mkdirp@0.5.5
92 silly currentTree ├── ms@2.0.0
92 silly currentTree ├── nanomatch@1.2.13
92 silly currentTree ├── neo-async@2.6.1
92 silly currentTree ├── next-tick@1.0.0
92 silly currentTree ├─┬ node-libs-browser@2.2.1
92 silly currentTree │ └── punycode@1.4.1
92 silly currentTree ├── normalize-package-data@2.5.0
92 silly currentTree ├── normalize-path@3.0.0
92 silly currentTree ├── npm-run-path@2.0.2
92 silly currentTree ├── number-is-nan@1.0.1
92 silly currentTree ├── oauth-sign@0.9.0
92 silly currentTree ├── object-assign@4.1.1
92 silly currentTree ├─┬ object-copy@0.1.0
92 silly currentTree │ ├── define-property@0.2.5
92 silly currentTree │ └── kind-of@3.2.2
92 silly currentTree ├── object-visit@1.0.1
92 silly currentTree ├── object.pick@1.3.0
92 silly currentTree ├── once@1.4.0
92 silly currentTree ├── os-browserify@0.3.0
92 silly currentTree ├── os-locale@2.1.0
92 silly currentTree ├── p-finally@1.0.0
92 silly currentTree ├── p-limit@1.3.0
92 silly currentTree ├── p-locate@2.0.0
92 silly currentTree ├── p-try@1.0.0
92 silly currentTree ├── pako@1.0.11
92 silly currentTree ├── parse-asn1@5.1.5
92 silly currentTree ├── parse-json@2.2.0
92 silly currentTree ├── parse-passwd@1.0.0
92 silly currentTree ├── pascalcase@0.1.1
92 silly currentTree ├── path-browserify@0.0.1
92 silly currentTree ├── path-dirname@1.0.2
92 silly currentTree ├── path-exists@3.0.0
92 silly currentTree ├── path-is-absolute@1.0.1
92 silly currentTree ├── path-key@2.0.1
92 silly currentTree ├── path-parse@1.0.6
92 silly currentTree ├── path-type@2.0.0
92 silly currentTree ├── pbkdf2@3.0.17
92 silly currentTree ├── performance-now@2.1.0
92 silly currentTree ├── pify@2.3.0
92 silly currentTree ├── pngjs@5.0.0
92 silly currentTree ├── posix-character-classes@0.1.1
92 silly currentTree ├── process-nextick-args@2.0.1
92 silly currentTree ├── process@0.11.10
92 silly currentTree ├── prr@1.0.1
92 silly currentTree ├── pseudomap@1.0.2
92 silly currentTree ├── psl@1.8.0
92 silly currentTree ├─┬ public-encrypt@4.0.3
92 silly currentTree │ └── bn.js@4.11.8
92 silly currentTree ├── punycode@2.1.1
92 silly currentTree ├── qs@6.5.2
92 silly currentTree ├── querystring-es3@0.2.1
92 silly currentTree ├── querystring@0.2.0
92 silly currentTree ├── randombytes@2.1.0
92 silly currentTree ├── randomfill@1.0.4
92 silly currentTree ├── read-pkg-up@2.0.0
92 silly currentTree ├── read-pkg@2.0.0
92 silly currentTree ├── readable-stream@2.3.7
92 silly currentTree ├── readdirp@2.2.1
92 silly currentTree ├── regex-not@1.0.2
92 silly currentTree ├── remove-trailing-separator@1.1.0
92 silly currentTree ├── repeat-element@1.1.3
92 silly currentTree ├── repeat-string@1.6.1
92 silly currentTree ├── request@2.88.2
92 silly currentTree ├── require-directory@2.1.1
92 silly currentTree ├── require-main-filename@1.0.1
92 silly currentTree ├── resolve-url@0.2.1
92 silly currentTree ├── resolve@1.17.0
92 silly currentTree ├── ret@0.1.15
92 silly currentTree ├── right-align@0.1.3
92 silly currentTree ├── rimraf@2.7.1
92 silly currentTree ├── ripemd160@2.0.2
92 silly currentTree ├── safe-buffer@5.1.2
92 silly currentTree ├── safe-regex@1.1.0
92 silly currentTree ├── safer-buffer@2.1.2
92 silly currentTree ├── semver@5.7.1
92 silly currentTree ├── set-blocking@2.0.0
92 silly currentTree ├─┬ set-value@2.0.1
92 silly currentTree │ └── extend-shallow@2.0.1
92 silly currentTree ├── setimmediate@1.0.5
92 silly currentTree ├── sha.js@2.4.11
92 silly currentTree ├── shebang-command@1.2.0
92 silly currentTree ├── shebang-regex@1.0.0
92 silly currentTree ├── signal-exit@3.0.3
92 silly currentTree ├─┬ snapdragon-node@2.1.1
92 silly currentTree │ ├── define-property@1.0.0
92 silly currentTree │ ├── is-accessor-descriptor@1.0.0
92 silly currentTree │ ├── is-data-descriptor@1.0.0
92 silly currentTree │ └── is-descriptor@1.0.2
92 silly currentTree ├─┬ snapdragon-util@3.0.1
92 silly currentTree │ └── kind-of@3.2.2
92 silly currentTree ├─┬ snapdragon@0.8.2
92 silly currentTree │ ├── define-property@0.2.5
92 silly currentTree │ └── extend-shallow@2.0.1
92 silly currentTree ├── source-list-map@2.0.1
92 silly currentTree ├── source-map-resolve@0.5.3
92 silly currentTree ├─┬ source-map-support@0.5.19
92 silly currentTree │ └── source-map@0.6.1
92 silly currentTree ├── source-map-url@0.4.0
92 silly currentTree ├── source-map@0.5.7
92 silly currentTree ├── spdx-correct@3.1.0
92 silly currentTree ├── spdx-exceptions@2.3.0
92 silly currentTree ├── spdx-expression-parse@3.0.1
92 silly currentTree ├── spdx-license-ids@3.0.5
92 silly currentTree ├── split-string@3.1.0
92 silly currentTree ├── sshpk@1.16.1
92 silly currentTree ├─┬ static-extend@0.1.2
92 silly currentTree │ └── define-property@0.2.5
92 silly currentTree ├── stream-browserify@2.0.2
92 silly currentTree ├── stream-http@2.8.3
92 silly currentTree ├── string_decoder@1.1.1
92 silly currentTree ├─┬ string-width@2.1.1
92 silly currentTree │ ├── ansi-regex@3.0.0
92 silly currentTree │ ├── is-fullwidth-code-point@2.0.0
92 silly currentTree │ └── strip-ansi@4.0.0
92 silly currentTree ├── strip-ansi@3.0.1
92 silly currentTree ├── strip-bom@3.0.0
92 silly currentTree ├── strip-eof@1.0.0
92 silly currentTree ├── strip-json-comments@2.0.1
92 silly currentTree ├── supports-color@5.5.0
92 silly currentTree ├── tapable@0.2.9
92 silly currentTree ├── timers-browserify@2.0.11
92 silly currentTree ├── to-arraybuffer@1.0.1
92 silly currentTree ├─┬ to-object-path@0.3.0
92 silly currentTree │ └── kind-of@3.2.2
92 silly currentTree ├── to-regex-range@2.1.1
92 silly currentTree ├── to-regex@3.0.2
92 silly currentTree ├── tough-cookie@2.5.0
92 silly currentTree ├── ts-loader@3.5.0
92 silly currentTree ├── ts-node@4.1.0
92 silly currentTree ├── tsconfig@7.0.0
92 silly currentTree ├── tty-browserify@0.0.0
92 silly currentTree ├── tunnel-agent@0.6.0
92 silly currentTree ├── tweetnacl@0.14.5
92 silly currentTree ├── type@1.2.0
92 silly currentTree ├── typescript@2.9.2
92 silly currentTree ├─┬ uglify-js@2.8.29
92 silly currentTree │ └── yargs@3.10.0
92 silly currentTree ├── uglify-to-browserify@1.0.2
92 silly currentTree ├── uglifyjs-webpack-plugin@0.4.6
92 silly currentTree ├── union-value@1.0.1
92 silly currentTree ├─┬ unset-value@1.0.0
92 silly currentTree │ ├─┬ has-value@0.3.1
92 silly currentTree │ │ └── isobject@2.1.0
92 silly currentTree │ └── has-values@0.1.4
92 silly currentTree ├── upath@1.2.0
92 silly currentTree ├── uri-js@4.2.2
92 silly currentTree ├── urix@0.1.0
92 silly currentTree ├─┬ url@0.11.0
92 silly currentTree │ └── punycode@1.3.2
92 silly currentTree ├── use@3.1.1
92 silly currentTree ├── util-deprecate@1.0.2
92 silly currentTree ├─┬ util@0.11.1
92 silly currentTree │ └── inherits@2.0.3
92 silly currentTree ├── uuid@3.4.0
92 silly currentTree ├── v8flags@3.1.3
92 silly currentTree ├── validate-npm-package-license@3.0.4
92 silly currentTree ├── verror@1.10.0
92 silly currentTree ├── vm-browserify@1.1.2
92 silly currentTree ├── watchpack@1.6.1
92 silly currentTree ├─┬ webpack-sources@1.4.3
92 silly currentTree │ └── source-map@0.6.1
92 silly currentTree ├─┬ webpack@3.12.0
92 silly currentTree │ ├── has-flag@2.0.0
92 silly currentTree │ ├── json5@0.5.1
92 silly currentTree │ └── supports-color@4.5.0
92 silly currentTree ├── which-module@2.0.0
92 silly currentTree ├── which@1.3.1
92 silly currentTree ├── window-size@0.1.0
92 silly currentTree ├── wordwrap@0.0.2
92 silly currentTree ├─┬ wrap-ansi@2.1.0
92 silly currentTree │ └── string-width@1.0.2
92 silly currentTree ├── wrappy@1.0.2
92 silly currentTree ├── xtend@4.0.2
92 silly currentTree ├── y18n@3.2.1
92 silly currentTree ├── yallist@2.1.2
92 silly currentTree ├─┬ yargs-parser@7.0.0
92 silly currentTree │ └── camelcase@4.1.0
92 silly currentTree ├─┬ yargs@8.0.2
92 silly currentTree │ ├── camelcase@4.1.0
92 silly currentTree │ └─┬ cliui@3.2.0
92 silly currentTree │   └── string-width@1.0.2
92 silly currentTree └── yn@2.0.0
93 silly idealTree typescript-node-starter@1.0.0
93 silly idealTree ├── @types/node@9.6.55
93 silly idealTree ├── @types/pngjs@3.4.2
93 silly idealTree ├── @types/strip-bom@3.0.0
93 silly idealTree ├── @types/strip-json-comments@0.0.30
93 silly idealTree ├─┬ acorn-dynamic-import@2.0.2
93 silly idealTree │ └── acorn@4.0.13
93 silly idealTree ├── acorn@5.7.4
93 silly idealTree ├── ajv-keywords@3.4.1
93 silly idealTree ├── ajv@6.12.2
93 silly idealTree ├─┬ align-text@0.1.4
93 silly idealTree │ └── kind-of@3.2.2
93 silly idealTree ├── ansi-regex@2.1.1
93 silly idealTree ├── ansi-styles@3.2.1
93 silly idealTree ├─┬ anymatch@2.0.0
93 silly idealTree │ └── normalize-path@2.1.1
93 silly idealTree ├── arr-diff@4.0.0
93 silly idealTree ├── arr-flatten@1.1.0
93 silly idealTree ├── arr-union@3.1.0
93 silly idealTree ├── array-unique@0.3.2
93 silly idealTree ├── arrify@1.0.1
93 silly idealTree ├─┬ asn1.js@4.10.1
93 silly idealTree │ └── bn.js@4.11.8
93 silly idealTree ├── asn1@0.2.4
93 silly idealTree ├── assert-plus@1.0.0
93 silly idealTree ├─┬ assert@1.5.0
93 silly idealTree │ ├── inherits@2.0.1
93 silly idealTree │ └── util@0.10.3
93 silly idealTree ├── assign-symbols@1.0.0
93 silly idealTree ├── async-each@1.0.3
93 silly idealTree ├── async@2.6.3
93 silly idealTree ├── asynckit@0.4.0
93 silly idealTree ├── atob@2.1.2
93 silly idealTree ├── aws-sign2@0.7.0
93 silly idealTree ├── aws4@1.9.1
93 silly idealTree ├── balanced-match@1.0.0
93 silly idealTree ├─┬ base@0.11.2
93 silly idealTree │ ├── define-property@1.0.0
93 silly idealTree │ ├── is-accessor-descriptor@1.0.0
93 silly idealTree │ ├── is-data-descriptor@1.0.0
93 silly idealTree │ └── is-descriptor@1.0.2
93 silly idealTree ├── base64-js@1.3.1
93 silly idealTree ├── bcrypt-pbkdf@1.0.2
93 silly idealTree ├── big.js@5.2.2
93 silly idealTree ├── binary-extensions@1.13.1
93 silly idealTree ├── bn.js@5.1.1
93 silly idealTree ├── brace-expansion@1.1.11
93 silly idealTree ├─┬ braces@2.3.2
93 silly idealTree │ └── extend-shallow@2.0.1
93 silly idealTree ├── brorand@1.1.0
93 silly idealTree ├── browserify-aes@1.2.0
93 silly idealTree ├── browserify-cipher@1.0.1
93 silly idealTree ├── browserify-des@1.0.2
93 silly idealTree ├─┬ browserify-rsa@4.0.1
93 silly idealTree │ └── bn.js@4.11.8
93 silly idealTree ├─┬ browserify-sign@4.1.0
93 silly idealTree │ └── readable-stream@3.6.0
93 silly idealTree ├── browserify-zlib@0.2.0
93 silly idealTree ├── buffer-from@1.1.1
93 silly idealTree ├── buffer-xor@1.0.3
93 silly idealTree ├── buffer@4.9.2
93 silly idealTree ├── builtin-status-codes@3.0.0
93 silly idealTree ├── cache-base@1.0.1
93 silly idealTree ├── camelcase@1.2.1
93 silly idealTree ├── caseless@0.12.0
93 silly idealTree ├── center-align@0.1.3
93 silly idealTree ├── chalk@2.4.2
93 silly idealTree ├── chokidar@2.1.8
93 silly idealTree ├── cipher-base@1.0.4
93 silly idealTree ├─┬ class-utils@0.3.6
93 silly idealTree │ └── define-property@0.2.5
93 silly idealTree ├── clean-webpack-plugin@0.1.19
93 silly idealTree ├── cliui@2.1.0
93 silly idealTree ├── code-point-at@1.1.0
93 silly idealTree ├── collection-visit@1.0.0
93 silly idealTree ├── color-convert@1.9.3
93 silly idealTree ├── color-name@1.1.3
93 silly idealTree ├── combined-stream@1.0.8
93 silly idealTree ├── component-emitter@1.3.0
93 silly idealTree ├── concat-map@0.0.1
93 silly idealTree ├── console-browserify@1.2.0
93 silly idealTree ├── constants-browserify@1.0.0
93 silly idealTree ├── copy-descriptor@0.1.1
93 silly idealTree ├── core-util-is@1.0.2
93 silly idealTree ├─┬ create-ecdh@4.0.3
93 silly idealTree │ └── bn.js@4.11.8
93 silly idealTree ├── create-hash@1.2.0
93 silly idealTree ├── create-hmac@1.1.7
93 silly idealTree ├── cross-spawn@5.1.0
93 silly idealTree ├── crypto-browserify@3.12.0
93 silly idealTree ├── d@1.0.1
93 silly idealTree ├── dashdash@1.14.1
93 silly idealTree ├── debug@2.6.9
93 silly idealTree ├── decamelize@1.2.0
93 silly idealTree ├── decode-uri-component@0.2.0
93 silly idealTree ├─┬ define-property@2.0.2
93 silly idealTree │ ├── is-accessor-descriptor@1.0.0
93 silly idealTree │ ├── is-data-descriptor@1.0.0
93 silly idealTree │ └── is-descriptor@1.0.2
93 silly idealTree ├── delayed-stream@1.0.0
93 silly idealTree ├── des.js@1.0.1
93 silly idealTree ├── diff@3.5.0
93 silly idealTree ├─┬ diffie-hellman@5.0.3
93 silly idealTree │ └── bn.js@4.11.8
93 silly idealTree ├── domain-browser@1.2.0
93 silly idealTree ├── ecc-jsbn@0.1.2
93 silly idealTree ├─┬ elliptic@6.5.2
93 silly idealTree │ └── bn.js@4.11.8
93 silly idealTree ├── emojis-list@3.0.0
93 silly idealTree ├── enhanced-resolve@3.4.1
93 silly idealTree ├── errno@0.1.7
93 silly idealTree ├── error-ex@1.3.2
93 silly idealTree ├── es5-ext@0.10.53
93 silly idealTree ├── es6-iterator@2.0.3
93 silly idealTree ├── es6-map@0.1.5
93 silly idealTree ├─┬ es6-set@0.1.5
93 silly idealTree │ └── es6-symbol@3.1.1
93 silly idealTree ├── es6-symbol@3.1.3
93 silly idealTree ├── es6-weak-map@2.0.3
93 silly idealTree ├── escape-string-regexp@1.0.5
93 silly idealTree ├── escope@3.6.0
93 silly idealTree ├── esrecurse@4.2.1
93 silly idealTree ├── estraverse@4.3.0
93 silly idealTree ├── event-emitter@0.3.5
93 silly idealTree ├── events@3.1.0
93 silly idealTree ├── evp_bytestokey@1.0.3
93 silly idealTree ├── execa@0.7.0
93 silly idealTree ├─┬ expand-brackets@2.1.4
93 silly idealTree │ ├── define-property@0.2.5
93 silly idealTree │ └── extend-shallow@2.0.1
93 silly idealTree ├─┬ ext@1.4.0
93 silly idealTree │ └── type@2.0.0
93 silly idealTree ├─┬ extend-shallow@3.0.2
93 silly idealTree │ └── is-extendable@1.0.1
93 silly idealTree ├── extend@3.0.2
93 silly idealTree ├─┬ extglob@2.0.4
93 silly idealTree │ ├── define-property@1.0.0
93 silly idealTree │ ├── extend-shallow@2.0.1
93 silly idealTree │ ├── is-accessor-descriptor@1.0.0
93 silly idealTree │ ├── is-data-descriptor@1.0.0
93 silly idealTree │ └── is-descriptor@1.0.2
93 silly idealTree ├── extsprintf@1.3.0
93 silly idealTree ├── fast-deep-equal@3.1.1
93 silly idealTree ├── fast-json-stable-stringify@2.1.0
93 silly idealTree ├─┬ fill-range@4.0.0
93 silly idealTree │ └── extend-shallow@2.0.1
93 silly idealTree ├── find-up@2.1.0
93 silly idealTree ├── for-in@1.0.2
93 silly idealTree ├── forever-agent@0.6.1
93 silly idealTree ├── form-data@2.3.3
93 silly idealTree ├── fragment-cache@0.2.1
93 silly idealTree ├── fs.realpath@1.0.0
93 silly idealTree ├── get-caller-file@1.0.3
93 silly idealTree ├── get-stream@3.0.0
93 silly idealTree ├── get-value@2.0.6
93 silly idealTree ├── getpass@0.1.7
93 silly idealTree ├─┬ glob-parent@3.1.0
93 silly idealTree │ └── is-glob@3.1.0
93 silly idealTree ├── glob@7.1.6
93 silly idealTree ├── graceful-fs@4.2.4
93 silly idealTree ├── har-schema@2.0.0
93 silly idealTree ├── har-validator@5.1.3
93 silly idealTree ├── has-flag@3.0.0
93 silly idealTree ├── has-value@1.0.0
93 silly idealTree ├─┬ has-values@1.0.0
93 silly idealTree │ └── kind-of@4.0.0
93 silly idealTree ├─┬ hash-base@3.1.0
93 silly idealTree │ ├── readable-stream@3.6.0
93 silly idealTree │ └── safe-buffer@5.2.1
93 silly idealTree ├── hash.js@1.1.7
93 silly idealTree ├── hmac-drbg@1.0.1
93 silly idealTree ├── homedir-polyfill@1.0.3
93 silly idealTree ├── hosted-git-info@2.8.8
93 silly idealTree ├── http-signature@1.2.0
93 silly idealTree ├── https-browserify@1.0.0
93 silly idealTree ├── ieee754@1.1.13
93 silly idealTree ├── inflight@1.0.6
93 silly idealTree ├── inherits@2.0.4
93 silly idealTree ├── interpret@1.2.0
93 silly idealTree ├── invert-kv@1.0.0
93 silly idealTree ├─┬ is-accessor-descriptor@0.1.6
93 silly idealTree │ └── kind-of@3.2.2
93 silly idealTree ├── is-arrayish@0.2.1
93 silly idealTree ├── is-binary-path@1.0.1
93 silly idealTree ├── is-buffer@1.1.6
93 silly idealTree ├─┬ is-data-descriptor@0.1.4
93 silly idealTree │ └── kind-of@3.2.2
93 silly idealTree ├─┬ is-descriptor@0.1.6
93 silly idealTree │ └── kind-of@5.1.0
93 silly idealTree ├── is-extendable@0.1.1
93 silly idealTree ├── is-extglob@2.1.1
93 silly idealTree ├── is-fullwidth-code-point@1.0.0
93 silly idealTree ├── is-glob@4.0.1
93 silly idealTree ├─┬ is-number@3.0.0
93 silly idealTree │ └── kind-of@3.2.2
93 silly idealTree ├── is-plain-object@2.0.4
93 silly idealTree ├── is-stream@1.1.0
93 silly idealTree ├── is-typedarray@1.0.0
93 silly idealTree ├── is-windows@1.0.2
93 silly idealTree ├── isarray@1.0.0
93 silly idealTree ├── isexe@2.0.0
93 silly idealTree ├── isobject@3.0.1
93 silly idealTree ├── isstream@0.1.2
93 silly idealTree ├── jsbn@0.1.1
93 silly idealTree ├── json-loader@0.5.7
93 silly idealTree ├── json-schema-traverse@0.4.1
93 silly idealTree ├── json-schema@0.2.3
93 silly idealTree ├── json-stringify-safe@5.0.1
93 silly idealTree ├── json5@1.0.1
93 silly idealTree ├── jsprim@1.4.1
93 silly idealTree ├── kind-of@6.0.3
93 silly idealTree ├── lazy-cache@1.0.4
93 silly idealTree ├── lcid@1.0.0
93 silly idealTree ├── load-json-file@2.0.0
93 silly idealTree ├── loader-runner@2.4.0
93 silly idealTree ├── loader-utils@1.4.0
93 silly idealTree ├── locate-path@2.0.0
93 silly idealTree ├── lodash@4.17.15
93 silly idealTree ├── longest@1.0.1
93 silly idealTree ├── lru-cache@4.1.5
93 silly idealTree ├── make-error@1.3.6
93 silly idealTree ├── map-cache@0.2.2
93 silly idealTree ├── map-visit@1.0.0
93 silly idealTree ├── md5.js@1.3.5
93 silly idealTree ├── mem@1.1.0
93 silly idealTree ├── memory-fs@0.4.1
93 silly idealTree ├── micromatch@3.1.10
93 silly idealTree ├─┬ miller-rabin@4.0.1
93 silly idealTree │ └── bn.js@4.11.8
93 silly idealTree ├── mime-db@1.44.0
93 silly idealTree ├── mime-types@2.1.27
93 silly idealTree ├── mimic-fn@1.2.0
93 silly idealTree ├── minimalistic-assert@1.0.1
93 silly idealTree ├── minimalistic-crypto-utils@1.0.1
93 silly idealTree ├── minimatch@3.0.4
93 silly idealTree ├── minimist@1.2.5
93 silly idealTree ├─┬ mixin-deep@1.3.2
93 silly idealTree │ └── is-extendable@1.0.1
93 silly idealTree ├── mkdirp@0.5.5
93 silly idealTree ├── ms@2.0.0
93 silly idealTree ├── nanomatch@1.2.13
93 silly idealTree ├── neo-async@2.6.1
93 silly idealTree ├── next-tick@1.0.0
93 silly idealTree ├─┬ node-libs-browser@2.2.1
93 silly idealTree │ └── punycode@1.4.1
93 silly idealTree ├── normalize-package-data@2.5.0
93 silly idealTree ├── normalize-path@3.0.0
93 silly idealTree ├── npm-run-path@2.0.2
93 silly idealTree ├── number-is-nan@1.0.1
93 silly idealTree ├── oauth-sign@0.9.0
93 silly idealTree ├── object-assign@4.1.1
93 silly idealTree ├─┬ object-copy@0.1.0
93 silly idealTree │ ├── define-property@0.2.5
93 silly idealTree │ └── kind-of@3.2.2
93 silly idealTree ├── object-visit@1.0.1
93 silly idealTree ├── object.pick@1.3.0
93 silly idealTree ├── once@1.4.0
93 silly idealTree ├── os-browserify@0.3.0
93 silly idealTree ├── os-locale@2.1.0
93 silly idealTree ├── p-finally@1.0.0
93 silly idealTree ├── p-limit@1.3.0
93 silly idealTree ├── p-locate@2.0.0
93 silly idealTree ├── p-try@1.0.0
93 silly idealTree ├── pako@1.0.11
93 silly idealTree ├── parse-asn1@5.1.5
93 silly idealTree ├── parse-json@2.2.0
93 silly idealTree ├── parse-passwd@1.0.0
93 silly idealTree ├── pascalcase@0.1.1
93 silly idealTree ├── path-browserify@0.0.1
93 silly idealTree ├── path-dirname@1.0.2
93 silly idealTree ├── path-exists@3.0.0
93 silly idealTree ├── path-is-absolute@1.0.1
93 silly idealTree ├── path-key@2.0.1
93 silly idealTree ├── path-parse@1.0.6
93 silly idealTree ├── path-type@2.0.0
93 silly idealTree ├── pbkdf2@3.0.17
93 silly idealTree ├── performance-now@2.1.0
93 silly idealTree ├── pify@2.3.0
93 silly idealTree ├── pngjs@5.0.0
93 silly idealTree ├── posix-character-classes@0.1.1
93 silly idealTree ├── process-nextick-args@2.0.1
93 silly idealTree ├── process@0.11.10
93 silly idealTree ├── prr@1.0.1
93 silly idealTree ├── pseudomap@1.0.2
93 silly idealTree ├── psl@1.8.0
93 silly idealTree ├─┬ public-encrypt@4.0.3
93 silly idealTree │ └── bn.js@4.11.8
93 silly idealTree ├── punycode@2.1.1
93 silly idealTree ├── qs@6.5.2
93 silly idealTree ├── querystring-es3@0.2.1
93 silly idealTree ├── querystring@0.2.0
93 silly idealTree ├── randombytes@2.1.0
93 silly idealTree ├── randomfill@1.0.4
93 silly idealTree ├── read-pkg-up@2.0.0
93 silly idealTree ├── read-pkg@2.0.0
93 silly idealTree ├── readable-stream@2.3.7
93 silly idealTree ├── readdirp@2.2.1
93 silly idealTree ├── regex-not@1.0.2
93 silly idealTree ├── remove-trailing-separator@1.1.0
93 silly idealTree ├── repeat-element@1.1.3
93 silly idealTree ├── repeat-string@1.6.1
93 silly idealTree ├── request@2.88.2
93 silly idealTree ├── require-directory@2.1.1
93 silly idealTree ├── require-main-filename@1.0.1
93 silly idealTree ├── resolve-url@0.2.1
93 silly idealTree ├── resolve@1.17.0
93 silly idealTree ├── ret@0.1.15
93 silly idealTree ├── right-align@0.1.3
93 silly idealTree ├── rimraf@2.7.1
93 silly idealTree ├── ripemd160@2.0.2
93 silly idealTree ├── safe-buffer@5.1.2
93 silly idealTree ├── safe-regex@1.1.0
93 silly idealTree ├── safer-buffer@2.1.2
93 silly idealTree ├── semver@5.7.1
93 silly idealTree ├── set-blocking@2.0.0
93 silly idealTree ├─┬ set-value@2.0.1
93 silly idealTree │ └── extend-shallow@2.0.1
93 silly idealTree ├── setimmediate@1.0.5
93 silly idealTree ├── sha.js@2.4.11
93 silly idealTree ├── shebang-command@1.2.0
93 silly idealTree ├── shebang-regex@1.0.0
93 silly idealTree ├── signal-exit@3.0.3
93 silly idealTree ├─┬ snapdragon-node@2.1.1
93 silly idealTree │ ├── define-property@1.0.0
93 silly idealTree │ ├── is-accessor-descriptor@1.0.0
93 silly idealTree │ ├── is-data-descriptor@1.0.0
93 silly idealTree │ └── is-descriptor@1.0.2
93 silly idealTree ├─┬ snapdragon-util@3.0.1
93 silly idealTree │ └── kind-of@3.2.2
93 silly idealTree ├─┬ snapdragon@0.8.2
93 silly idealTree │ ├── define-property@0.2.5
93 silly idealTree │ └── extend-shallow@2.0.1
93 silly idealTree ├── source-list-map@2.0.1
93 silly idealTree ├── source-map-resolve@0.5.3
93 silly idealTree ├─┬ source-map-support@0.5.19
93 silly idealTree │ └── source-map@0.6.1
93 silly idealTree ├── source-map-url@0.4.0
93 silly idealTree ├── source-map@0.5.7
93 silly idealTree ├── spdx-correct@3.1.0
93 silly idealTree ├── spdx-exceptions@2.3.0
93 silly idealTree ├── spdx-expression-parse@3.0.1
93 silly idealTree ├── spdx-license-ids@3.0.5
93 silly idealTree ├── split-string@3.1.0
93 silly idealTree ├── sshpk@1.16.1
93 silly idealTree ├─┬ static-extend@0.1.2
93 silly idealTree │ └── define-property@0.2.5
93 silly idealTree ├── stream-browserify@2.0.2
93 silly idealTree ├── stream-http@2.8.3
93 silly idealTree ├── string_decoder@1.1.1
93 silly idealTree ├─┬ string-width@2.1.1
93 silly idealTree │ ├── ansi-regex@3.0.0
93 silly idealTree │ ├── is-fullwidth-code-point@2.0.0
93 silly idealTree │ └── strip-ansi@4.0.0
93 silly idealTree ├── strip-ansi@3.0.1
93 silly idealTree ├── strip-bom@3.0.0
93 silly idealTree ├── strip-eof@1.0.0
93 silly idealTree ├── strip-json-comments@2.0.1
93 silly idealTree ├── supports-color@5.5.0
93 silly idealTree ├── tapable@0.2.9
93 silly idealTree ├── timers-browserify@2.0.11
93 silly idealTree ├── to-arraybuffer@1.0.1
93 silly idealTree ├─┬ to-object-path@0.3.0
93 silly idealTree │ └── kind-of@3.2.2
93 silly idealTree ├── to-regex-range@2.1.1
93 silly idealTree ├── to-regex@3.0.2
93 silly idealTree ├── tough-cookie@2.5.0
93 silly idealTree ├── ts-loader@3.5.0
93 silly idealTree ├── ts-node@4.1.0
93 silly idealTree ├── tsconfig@7.0.0
93 silly idealTree ├── tty-browserify@0.0.0
93 silly idealTree ├── tunnel-agent@0.6.0
93 silly idealTree ├── tweetnacl@0.14.5
93 silly idealTree ├── type@1.2.0
93 silly idealTree ├── typescript@2.9.2
93 silly idealTree ├─┬ uglify-js@2.8.29
93 silly idealTree │ └── yargs@3.10.0
93 silly idealTree ├── uglify-to-browserify@1.0.2
93 silly idealTree ├── uglifyjs-webpack-plugin@0.4.6
93 silly idealTree ├── union-value@1.0.1
93 silly idealTree ├─┬ unset-value@1.0.0
93 silly idealTree │ ├─┬ has-value@0.3.1
93 silly idealTree │ │ └── isobject@2.1.0
93 silly idealTree │ └── has-values@0.1.4
93 silly idealTree ├── upath@1.2.0
93 silly idealTree ├── uri-js@4.2.2
93 silly idealTree ├── urix@0.1.0
93 silly idealTree ├─┬ url@0.11.0
93 silly idealTree │ └── punycode@1.3.2
93 silly idealTree ├── use@3.1.1
93 silly idealTree ├── util-deprecate@1.0.2
93 silly idealTree ├─┬ util@0.11.1
93 silly idealTree │ └── inherits@2.0.3
93 silly idealTree ├── uuid@3.4.0
93 silly idealTree ├── v8flags@3.1.3
93 silly idealTree ├── validate-npm-package-license@3.0.4
93 silly idealTree ├── verror@1.10.0
93 silly idealTree ├── vm-browserify@1.1.2
93 silly idealTree ├── watchpack@1.6.1
93 silly idealTree ├─┬ webpack-sources@1.4.3
93 silly idealTree │ └── source-map@0.6.1
93 silly idealTree ├─┬ webpack@3.12.0
93 silly idealTree │ ├── has-flag@2.0.0
93 silly idealTree │ ├── json5@0.5.1
93 silly idealTree │ └── supports-color@4.5.0
93 silly idealTree ├── which-module@2.0.0
93 silly idealTree ├── which@1.3.1
93 silly idealTree ├── window-size@0.1.0
93 silly idealTree ├── wordwrap@0.0.2
93 silly idealTree ├─┬ wrap-ansi@2.1.0
93 silly idealTree │ └── string-width@1.0.2
93 silly idealTree ├── wrappy@1.0.2
93 silly idealTree ├── xtend@4.0.2
93 silly idealTree ├── y18n@3.2.1
93 silly idealTree ├── yallist@2.1.2
93 silly idealTree ├─┬ yargs-parser@7.0.0
93 silly idealTree │ └── camelcase@4.1.0
93 silly idealTree ├─┬ yargs@8.0.2
93 silly idealTree │ ├── camelcase@4.1.0
93 silly idealTree │ └─┬ cliui@3.2.0
93 silly idealTree │   └── string-width@1.0.2
93 silly idealTree └── yn@2.0.0
94 silly generateActionsToTake Starting
95 silly install generateActionsToTake
96 silly generateActionsToTake Finishing
97 silly diffTrees action count 2
98 silly diffTrees add @types/pngjs@3.4.2
99 silly diffTrees update pngjs@5.0.0
100 silly decomposeActions action count 16
101 silly decomposeActions fetch @types/pngjs@3.4.2
102 silly decomposeActions extract @types/pngjs@3.4.2
103 silly decomposeActions test @types/pngjs@3.4.2
104 silly decomposeActions preinstall @types/pngjs@3.4.2
105 silly decomposeActions build @types/pngjs@3.4.2
106 silly decomposeActions install @types/pngjs@3.4.2
107 silly decomposeActions postinstall @types/pngjs@3.4.2
108 silly decomposeActions finalize @types/pngjs@3.4.2
109 silly decomposeActions fetch pngjs@5.0.0
110 silly decomposeActions extract pngjs@5.0.0
111 silly decomposeActions test pngjs@5.0.0
112 silly decomposeActions preinstall pngjs@5.0.0
113 silly decomposeActions build pngjs@5.0.0
114 silly decomposeActions install pngjs@5.0.0
115 silly decomposeActions postinstall pngjs@5.0.0
116 silly decomposeActions finalize pngjs@5.0.0
117 silly executeActions Starting
118 silly install executeActions
119 silly doSerial global-install 0
120 silly doParallel fetch 2
121 verbose lock using /home/donutttt/.npm/_locks/staging-5e75e916e760442e.lock for /home/donutttt/code/005_game_of_life/game-of-life/image_to_array/node_modules/.staging
122 silly doParallel extract 2
123 silly extract @types/pngjs@3.4.2
124 silly extract pngjs@5.0.0
125 verbose unbuild node_modules/.staging/pngjs-3388a088
126 verbose unbuild node_modules/.staging/@types/pngjs-6f9aad30
127 silly gentlyRm /home/donutttt/code/005_game_of_life/game-of-life/image_to_array/node_modules/.staging/pngjs-3388a088 is being purged from base /home/donutttt/code/005_game_of_life/game-of-life/image_to_array
128 verbose gentlyRm don't care about contents; nuking /home/donutttt/code/005_game_of_life/game-of-life/image_to_array/node_modules/.staging/pngjs-3388a088
129 silly gentlyRm /home/donutttt/code/005_game_of_life/game-of-life/image_to_array/node_modules/.staging/@types/pngjs-6f9aad30 is being purged from base /home/donutttt/code/005_game_of_life/game-of-life/image_to_array
130 verbose gentlyRm don't care about contents; nuking /home/donutttt/code/005_game_of_life/game-of-life/image_to_array/node_modules/.staging/@types/pngjs-6f9aad30
131 verbose tar unpack /home/donutttt/.npm/pngjs/5.0.0/package.tgz
132 verbose tar unpacking to /home/donutttt/code/005_game_of_life/game-of-life/image_to_array/node_modules/.staging/pngjs-3388a088
133 silly gentlyRm /home/donutttt/code/005_game_of_life/game-of-life/image_to_array/node_modules/.staging/pngjs-3388a088 is being purged
134 verbose gentlyRm don't care about contents; nuking /home/donutttt/code/005_game_of_life/game-of-life/image_to_array/node_modules/.staging/pngjs-3388a088
135 verbose tar unpack /home/donutttt/.npm/@types/pngjs/3.4.2/package.tgz
136 verbose tar unpacking to /home/donutttt/code/005_game_of_life/game-of-life/image_to_array/node_modules/.staging/@types/pngjs-6f9aad30
137 silly gentlyRm /home/donutttt/code/005_game_of_life/game-of-life/image_to_array/node_modules/.staging/@types/pngjs-6f9aad30 is being purged
138 verbose gentlyRm don't care about contents; nuking /home/donutttt/code/005_game_of_life/game-of-life/image_to_array/node_modules/.staging/@types/pngjs-6f9aad30
139 silly gunzTarPerm modes [ '775', '664' ]
140 silly gunzTarPerm modes [ '775', '664' ]
141 silly gunzTarPerm extractEntry
142 silly gunzTarPerm modified mode [ '', 438, 509 ]
143 silly gunzTarPerm extractEntry LICENSE
144 silly gunzTarPerm modified mode [ 'LICENSE', 438, 436 ]
145 silly gunzTarPerm extractEntry .eslintignore
146 silly gunzTarPerm modified mode [ '.eslintignore', 438, 436 ]
147 silly gunzTarPerm extractEntry .eslintrc.json
148 silly gunzTarPerm modified mode [ '.eslintrc.json', 438, 436 ]
149 silly gunzTarPerm extractEntry .prettierignore
150 silly gunzTarPerm modified mode [ '.prettierignore', 438, 436 ]
151 silly gunzTarPerm extractEntry README.md
152 silly gunzTarPerm modified mode [ 'README.md', 438, 436 ]
153 silly gunzTarPerm extractEntry index.d.ts
154 silly gunzTarPerm modified mode [ 'index.d.ts', 438, 436 ]
155 silly gunzTarPerm extractEntry browser.js
156 silly gunzTarPerm modified mode [ 'browser.js', 438, 436 ]
157 silly gunzTarPerm extractEntry package.json
158 silly gunzTarPerm modified mode [ 'package.json', 438, 436 ]
159 silly gunzTarPerm extractEntry coverage
160 silly gunzTarPerm modified mode [ 'coverage', 438, 509 ]
161 silly gunzTarPerm extractEntry lib
162 silly gunzTarPerm modified mode [ 'lib', 438, 509 ]
163 silly gunzTarPerm extractEntry LICENSE
164 silly gunzTarPerm modified mode [ 'LICENSE', 438, 436 ]
165 silly gunzTarPerm extractEntry package.json
166 silly gunzTarPerm modified mode [ 'package.json', 438, 436 ]
167 silly gunzTarPerm extractEntry README.md
168 silly gunzTarPerm modified mode [ 'README.md', 438, 436 ]
169 silly gunzTarPerm extractEntry coverage/lcov-report
170 silly gunzTarPerm modified mode [ 'coverage/lcov-report', 438, 509 ]
171 silly gunzTarPerm extractEntry coverage/lcov.info
172 silly gunzTarPerm modified mode [ 'coverage/lcov.info', 438, 436 ]
173 silly gunzTarPerm extractEntry lib/bitmapper.js
174 silly gunzTarPerm modified mode [ 'lib/bitmapper.js', 438, 436 ]
175 silly gunzTarPerm extractEntry lib/bitpacker.js
176 silly gunzTarPerm modified mode [ 'lib/bitpacker.js', 438, 436 ]
177 silly gunzTarPerm extractEntry lib/chunkstream.js
178 silly gunzTarPerm modified mode [ 'lib/chunkstream.js', 438, 436 ]
179 silly gunzTarPerm extractEntry lib/constants.js
180 silly gunzTarPerm modified mode [ 'lib/constants.js', 438, 436 ]
181 silly gunzTarPerm extractEntry lib/crc.js
182 silly gunzTarPerm modified mode [ 'lib/crc.js', 438, 436 ]
183 silly gentlyRm /home/donutttt/code/005_game_of_life/game-of-life/image_to_array/node_modules/.staging/@types/pngjs-6f9aad30/node_modules is being purged
184 verbose gentlyRm don't care about contents; nuking /home/donutttt/code/005_game_of_life/game-of-life/image_to_array/node_modules/.staging/@types/pngjs-6f9aad30/node_modules
185 silly gunzTarPerm extractEntry lib/filter-pack.js
186 silly gunzTarPerm modified mode [ 'lib/filter-pack.js', 438, 436 ]
187 silly gunzTarPerm extractEntry lib/filter-parse-async.js
188 silly gunzTarPerm modified mode [ 'lib/filter-parse-async.js', 438, 436 ]
189 silly gunzTarPerm extractEntry lib/filter-parse-sync.js
190 silly gunzTarPerm modified mode [ 'lib/filter-parse-sync.js', 438, 436 ]
191 silly gunzTarPerm extractEntry lib/filter-parse.js
192 silly gunzTarPerm modified mode [ 'lib/filter-parse.js', 438, 436 ]
193 silly gunzTarPerm extractEntry lib/format-normaliser.js
194 silly gunzTarPerm modified mode [ 'lib/format-normaliser.js', 438, 436 ]
195 silly gunzTarPerm extractEntry lib/interlace.js
196 silly gunzTarPerm modified mode [ 'lib/interlace.js', 438, 436 ]
197 silly gunzTarPerm extractEntry lib/packer-async.js
198 silly gunzTarPerm modified mode [ 'lib/packer-async.js', 438, 436 ]
199 silly gunzTarPerm extractEntry lib/packer-sync.js
200 silly gunzTarPerm modified mode [ 'lib/packer-sync.js', 438, 436 ]
201 silly gunzTarPerm extractEntry lib/packer.js
202 silly gunzTarPerm modified mode [ 'lib/packer.js', 438, 436 ]
203 silly gunzTarPerm extractEntry lib/paeth-predictor.js
204 silly gunzTarPerm modified mode [ 'lib/paeth-predictor.js', 438, 436 ]
205 silly gunzTarPerm extractEntry lib/parser-async.js
206 silly gunzTarPerm modified mode [ 'lib/parser-async.js', 438, 436 ]
207 silly gunzTarPerm extractEntry lib/parser-sync.js
208 silly gunzTarPerm modified mode [ 'lib/parser-sync.js', 438, 436 ]
209 silly gunzTarPerm extractEntry lib/parser.js
210 silly gunzTarPerm modified mode [ 'lib/parser.js', 438, 436 ]
211 silly gunzTarPerm extractEntry lib/png-sync.js
212 silly gunzTarPerm modified mode [ 'lib/png-sync.js', 438, 436 ]
213 silly gunzTarPerm extractEntry lib/png.js
214 silly gunzTarPerm modified mode [ 'lib/png.js', 438, 436 ]
215 silly gunzTarPerm extractEntry lib/sync-inflate.js
216 silly gunzTarPerm modified mode [ 'lib/sync-inflate.js', 438, 436 ]
217 silly gunzTarPerm extractEntry lib/sync-reader.js
218 silly gunzTarPerm modified mode [ 'lib/sync-reader.js', 438, 436 ]
219 silly gunzTarPerm extractEntry coverage/lcov-report/base.css
220 silly gunzTarPerm modified mode [ 'coverage/lcov-report/base.css', 438, 436 ]
221 silly gunzTarPerm extractEntry coverage/lcov-report/bitmapper.js.html
222 silly gunzTarPerm modified mode [ 'coverage/lcov-report/bitmapper.js.html', 438, 436 ]
223 silly gunzTarPerm extractEntry coverage/lcov-report/bitpacker.js.html
224 silly gunzTarPerm modified mode [ 'coverage/lcov-report/bitpacker.js.html', 438, 436 ]
225 silly gunzTarPerm extractEntry coverage/lcov-report/block-navigation.js
226 silly gunzTarPerm modified mode [ 'coverage/lcov-report/block-navigation.js', 438, 436 ]
227 silly gunzTarPerm extractEntry coverage/lcov-report/chunkstream.js.html
228 silly gunzTarPerm modified mode [ 'coverage/lcov-report/chunkstream.js.html', 438, 436 ]
229 silly gunzTarPerm extractEntry coverage/lcov-report/constants.js.html
230 silly gunzTarPerm modified mode [ 'coverage/lcov-report/constants.js.html', 438, 436 ]
231 silly gunzTarPerm extractEntry coverage/lcov-report/crc.js.html
232 silly gunzTarPerm modified mode [ 'coverage/lcov-report/crc.js.html', 438, 436 ]
233 silly gunzTarPerm extractEntry coverage/lcov-report/favicon.png
234 silly gunzTarPerm modified mode [ 'coverage/lcov-report/favicon.png', 438, 436 ]
235 silly gunzTarPerm extractEntry coverage/lcov-report/filter-pack.js.html
236 silly gunzTarPerm modified mode [ 'coverage/lcov-report/filter-pack.js.html', 438, 436 ]
237 silly gunzTarPerm extractEntry coverage/lcov-report/filter-parse-async.js.html
238 silly gunzTarPerm modified mode [ 'coverage/lcov-report/filter-parse-async.js.html', 438, 436 ]
239 silly gunzTarPerm extractEntry coverage/lcov-report/filter-parse-sync.js.html
240 silly gunzTarPerm modified mode [ 'coverage/lcov-report/filter-parse-sync.js.html', 438, 436 ]
241 silly gunzTarPerm extractEntry coverage/lcov-report/filter-parse.js.html
242 silly gunzTarPerm modified mode [ 'coverage/lcov-report/filter-parse.js.html', 438, 436 ]
243 silly gunzTarPerm extractEntry coverage/lcov-report/format-normaliser.js.html
244 silly gunzTarPerm modified mode [ 'coverage/lcov-report/format-normaliser.js.html', 438, 436 ]
245 silly gunzTarPerm extractEntry coverage/lcov-report/index.html
246 silly gunzTarPerm modified mode [ 'coverage/lcov-report/index.html', 438, 436 ]
247 silly gunzTarPerm extractEntry coverage/lcov-report/interlace.js.html
248 silly gunzTarPerm modified mode [ 'coverage/lcov-report/interlace.js.html', 438, 436 ]
249 silly gunzTarPerm extractEntry coverage/lcov-report/packer-async.js.html
250 silly gunzTarPerm modified mode [ 'coverage/lcov-report/packer-async.js.html', 438, 436 ]
251 silly gunzTarPerm extractEntry coverage/lcov-report/packer-sync.js.html
252 silly gunzTarPerm modified mode [ 'coverage/lcov-report/packer-sync.js.html', 438, 436 ]
253 silly gunzTarPerm extractEntry coverage/lcov-report/packer.js.html
254 silly gunzTarPerm modified mode [ 'coverage/lcov-report/packer.js.html', 438, 436 ]
255 silly gunzTarPerm extractEntry coverage/lcov-report/paeth-predictor.js.html
256 silly gunzTarPerm modified mode [ 'coverage/lcov-report/paeth-predictor.js.html', 438, 436 ]
257 silly gunzTarPerm extractEntry coverage/lcov-report/parser-async.js.html
258 silly gunzTarPerm modified mode [ 'coverage/lcov-report/parser-async.js.html', 438, 436 ]
259 silly gunzTarPerm extractEntry coverage/lcov-report/parser-sync.js.html
260 silly gunzTarPerm modified mode [ 'coverage/lcov-report/parser-sync.js.html', 438, 436 ]
261 silly gunzTarPerm extractEntry coverage/lcov-report/parser.js.html
262 silly gunzTarPerm modified mode [ 'coverage/lcov-report/parser.js.html', 438, 436 ]
263 silly gunzTarPerm extractEntry coverage/lcov-report/png-sync.js.html
264 silly gunzTarPerm modified mode [ 'coverage/lcov-report/png-sync.js.html', 438, 436 ]
265 silly gunzTarPerm extractEntry coverage/lcov-report/png.js.html
266 silly gunzTarPerm modified mode [ 'coverage/lcov-report/png.js.html', 438, 436 ]
267 silly gunzTarPerm extractEntry coverage/lcov-report/prettify.css
268 silly gunzTarPerm modified mode [ 'coverage/lcov-report/prettify.css', 438, 436 ]
269 silly gunzTarPerm extractEntry coverage/lcov-report/prettify.js
270 silly gunzTarPerm modified mode [ 'coverage/lcov-report/prettify.js', 438, 436 ]
271 silly gunzTarPerm extractEntry coverage/lcov-report/sort-arrow-sprite.png
272 silly gunzTarPerm modified mode [ 'coverage/lcov-report/sort-arrow-sprite.png', 438, 436 ]
273 silly gunzTarPerm extractEntry coverage/lcov-report/sorter.js
274 silly gunzTarPerm modified mode [ 'coverage/lcov-report/sorter.js', 438, 436 ]
275 silly gunzTarPerm extractEntry coverage/lcov-report/sync-inflate.js.html
276 silly gunzTarPerm modified mode [ 'coverage/lcov-report/sync-inflate.js.html', 438, 436 ]
277 silly gunzTarPerm extractEntry coverage/lcov-report/sync-reader.js.html
278 silly gunzTarPerm modified mode [ 'coverage/lcov-report/sync-reader.js.html', 438, 436 ]
279 silly gentlyRm /home/donutttt/code/005_game_of_life/game-of-life/image_to_array/node_modules/.staging/pngjs-3388a088/node_modules is being purged
280 verbose gentlyRm don't care about contents; nuking /home/donutttt/code/005_game_of_life/game-of-life/image_to_array/node_modules/.staging/pngjs-3388a088/node_modules
281 silly doParallel preinstall 2
282 silly preinstall @types/pngjs@3.4.2 /home/donutttt/code/005_game_of_life/game-of-life/image_to_array/node_modules/.staging/@types/pngjs-6f9aad30
283 info lifecycle @types/pngjs@3.4.2~preinstall: @types/pngjs@3.4.2
284 silly preinstall pngjs@5.0.0 /home/donutttt/code/005_game_of_life/game-of-life/image_to_array/node_modules/.staging/pngjs-3388a088
285 info lifecycle pngjs@5.0.0~preinstall: pngjs@5.0.0
286 silly lifecycle @types/pngjs@3.4.2~preinstall: no script for preinstall, continuing
287 silly lifecycle pngjs@5.0.0~preinstall: no script for preinstall, continuing
288 silly doReverseSerial remove 0
289 silly doSerial move 0
290 silly doSerial finalize 2
291 silly finalize /home/donutttt/code/005_game_of_life/game-of-life/image_to_array/node_modules/@types/pngjs
292 silly finalize /home/donutttt/code/005_game_of_life/game-of-life/image_to_array/node_modules/pngjs
293 verbose unlock done using /home/donutttt/.npm/_locks/staging-5e75e916e760442e.lock for /home/donutttt/code/005_game_of_life/game-of-life/image_to_array/node_modules/.staging
294 silly rollbackFailedOptional Starting
295 silly rollbackFailedOptional Finishing
296 silly runTopLevelLifecycles Starting
297 silly runTopLevelLifecycles Finishing
298 silly install printInstalled
299 warn optional Skipping failed optional dependency /chokidar/fsevents:
300 warn notsup Not compatible with your operating system or architecture: fsevents@1.2.13
301 verbose stack Error: EACCES: permission denied, rename '/home/donutttt/code/005_game_of_life/game-of-life/image_to_array/node_modules/pngjs' -> '/home/donutttt/code/005_game_of_life/game-of-life/image_to_array/node_modules/.pngjs.DELETE'
301 verbose stack     at moveAway (/usr/share/npm/lib/install/action/finalize.js:38:5)
301 verbose stack     at destStatted (/usr/share/npm/lib/install/action/finalize.js:27:7)
301 verbose stack     at FSReqWrap.oncomplete (fs.js:153:5)
301 verbose stack
301 verbose stack Error: EACCES: permission denied, rename '/home/donutttt/code/005_game_of_life/game-of-life/image_to_array/node_modules/pngjs' -> '/home/donutttt/code/005_game_of_life/game-of-life/image_to_array/node_modules/.pngjs.DELETE'
302 verbose cwd /home/donutttt/code/005_game_of_life/game-of-life/image_to_array/images
303 error Linux 4.4.0-18362-Microsoft
304 error argv "/usr/bin/node" "/usr/bin/npm" "install" "@types/pngjs"
305 error node v8.10.0
306 error npm  v3.5.2
307 error path /home/donutttt/code/005_game_of_life/game-of-life/image_to_array/node_modules/pngjs
308 error code EACCES
309 error errno -13
310 error syscall rename
311 error Error: EACCES: permission denied, rename '/home/donutttt/code/005_game_of_life/game-of-life/image_to_array/node_modules/pngjs' -> '/home/donutttt/code/005_game_of_life/game-of-life/image_to_array/node_modules/.pngjs.DELETE'
311 error     at moveAway (/usr/share/npm/lib/install/action/finalize.js:38:5)
311 error     at destStatted (/usr/share/npm/lib/install/action/finalize.js:27:7)
311 error     at FSReqWrap.oncomplete (fs.js:153:5)
311 error
311 error Error: EACCES: permission denied, rename '/home/donutttt/code/005_game_of_life/game-of-life/image_to_array/node_modules/pngjs' -> '/home/donutttt/code/005_game_of_life/game-of-life/image_to_array/node_modules/.pngjs.DELETE'
311 error  { Error: EACCES: permission denied, rename '/home/donutttt/code/005_game_of_life/game-of-life/image_to_array/node_modules/pngjs' -> '/home/donutttt/code/005_game_of_life/game-of-life/image_to_array/node_modules/.pngjs.DELETE'
311 error     at moveAway (/usr/share/npm/lib/install/action/finalize.js:38:5)
311 error     at destStatted (/usr/share/npm/lib/install/action/finalize.js:27:7)
311 error     at FSReqWrap.oncomplete (fs.js:153:5)
311 error
311 error Error: EACCES: permission denied, rename '/home/donutttt/code/005_game_of_life/game-of-life/image_to_array/node_modules/pngjs' -> '/home/donutttt/code/005_game_of_life/game-of-life/image_to_array/node_modules/.pngjs.DELETE' parent: 'typescript-node-starter' }
312 error Please try running this command again as root/Administrator.
313 verbose exit [ -13, true ]
